{"/Users/aleksmoraless/Desktop/Fullstack/Practicum/Projects/stellar-burgers/__tests__/mocks.ts": {"path":"/Users/aleksmoraless/Desktop/Fullstack/Practicum/Projects/stellar-burgers/__tests__/mocks.ts","all":false,"statementMap":{"0":{"start":{"line":1,"column":0},"end":{"line":1,"column":6}},"1":{"start":{"line":2,"column":0},"end":{"line":2,"column":36}},"2":{"start":{"line":3,"column":0},"end":{"line":3,"column":13}},"3":{"start":{"line":4,"column":0},"end":{"line":4,"column":26}},"4":{"start":{"line":5,"column":0},"end":{"line":5,"column":15}},"5":{"start":{"line":6,"column":0},"end":{"line":6,"column":2}},"6":{"start":{"line":7,"column":0},"end":{"line":7,"column":0}},"7":{"start":{"line":8,"column":0},"end":{"line":8,"column":38}},"8":{"start":{"line":9,"column":0},"end":{"line":9,"column":11}},"9":{"start":{"line":10,"column":0},"end":{"line":10,"column":18}},"10":{"start":{"line":11,"column":0},"end":{"line":11,"column":23}},"11":{"start":{"line":12,"column":0},"end":{"line":12,"column":5}},"12":{"start":{"line":13,"column":0},"end":{"line":13,"column":2}},"13":{"start":{"line":14,"column":0},"end":{"line":14,"column":0}},"14":{"start":{"line":15,"column":0},"end":{"line":15,"column":29}},"15":{"start":{"line":16,"column":0},"end":{"line":16,"column":11}},"16":{"start":{"line":17,"column":0},"end":{"line":17,"column":19}},"17":{"start":{"line":18,"column":0},"end":{"line":18,"column":17}},"18":{"start":{"line":19,"column":0},"end":{"line":19,"column":22}},"19":{"start":{"line":20,"column":0},"end":{"line":20,"column":6}},"20":{"start":{"line":21,"column":0},"end":{"line":21,"column":19}},"21":{"start":{"line":22,"column":0},"end":{"line":22,"column":26}},"22":{"start":{"line":23,"column":0},"end":{"line":23,"column":35}},"23":{"start":{"line":24,"column":0},"end":{"line":24,"column":2}},"24":{"start":{"line":25,"column":0},"end":{"line":25,"column":0}},"25":{"start":{"line":26,"column":0},"end":{"line":26,"column":29}},"26":{"start":{"line":27,"column":0},"end":{"line":27,"column":15}},"27":{"start":{"line":28,"column":0},"end":{"line":28,"column":23}},"28":{"start":{"line":29,"column":0},"end":{"line":29,"column":25}},"29":{"start":{"line":30,"column":0},"end":{"line":30,"column":2}},"30":{"start":{"line":31,"column":0},"end":{"line":31,"column":0}},"31":{"start":{"line":32,"column":0},"end":{"line":32,"column":30}},"32":{"start":{"line":33,"column":0},"end":{"line":33,"column":19}},"33":{"start":{"line":34,"column":0},"end":{"line":34,"column":27}},"34":{"start":{"line":35,"column":0},"end":{"line":35,"column":23}},"35":{"start":{"line":36,"column":0},"end":{"line":36,"column":31}},"36":{"start":{"line":37,"column":0},"end":{"line":37,"column":25}},"37":{"start":{"line":38,"column":0},"end":{"line":38,"column":2}},"38":{"start":{"line":39,"column":0},"end":{"line":39,"column":0}},"39":{"start":{"line":40,"column":0},"end":{"line":40,"column":37}},"40":{"start":{"line":41,"column":0},"end":{"line":41,"column":37}},"41":{"start":{"line":42,"column":0},"end":{"line":42,"column":41}},"42":{"start":{"line":43,"column":0},"end":{"line":43,"column":23}},"43":{"start":{"line":44,"column":0},"end":{"line":44,"column":23}},"44":{"start":{"line":45,"column":0},"end":{"line":45,"column":24}},"45":{"start":{"line":46,"column":0},"end":{"line":46,"column":2}},"46":{"start":{"line":47,"column":0},"end":{"line":47,"column":0}},"47":{"start":{"line":48,"column":0},"end":{"line":48,"column":15}},"48":{"start":{"line":49,"column":0},"end":{"line":49,"column":34}},"49":{"start":{"line":50,"column":0},"end":{"line":50,"column":11}},"50":{"start":{"line":51,"column":0},"end":{"line":51,"column":18}},"51":{"start":{"line":52,"column":0},"end":{"line":52,"column":22}},"52":{"start":{"line":53,"column":0},"end":{"line":53,"column":13}},"53":{"start":{"line":54,"column":0},"end":{"line":54,"column":50}},"54":{"start":{"line":55,"column":0},"end":{"line":55,"column":61}},"55":{"start":{"line":56,"column":0},"end":{"line":56,"column":31}},"56":{"start":{"line":57,"column":0},"end":{"line":57,"column":32}},"57":{"start":{"line":58,"column":0},"end":{"line":58,"column":27}},"58":{"start":{"line":59,"column":0},"end":{"line":59,"column":37}},"59":{"start":{"line":60,"column":0},"end":{"line":60,"column":33}},"60":{"start":{"line":61,"column":0},"end":{"line":61,"column":29}},"61":{"start":{"line":62,"column":0},"end":{"line":62,"column":77}},"62":{"start":{"line":63,"column":0},"end":{"line":63,"column":91}},"63":{"start":{"line":64,"column":0},"end":{"line":64,"column":89}},"64":{"start":{"line":65,"column":0},"end":{"line":65,"column":25}},"65":{"start":{"line":66,"column":0},"end":{"line":66,"column":25}},"66":{"start":{"line":67,"column":0},"end":{"line":67,"column":14}},"67":{"start":{"line":68,"column":0},"end":{"line":68,"column":13}},"68":{"start":{"line":69,"column":0},"end":{"line":69,"column":50}},"69":{"start":{"line":70,"column":0},"end":{"line":70,"column":65}},"70":{"start":{"line":71,"column":0},"end":{"line":71,"column":31}},"71":{"start":{"line":72,"column":0},"end":{"line":72,"column":31}},"72":{"start":{"line":73,"column":0},"end":{"line":73,"column":26}},"73":{"start":{"line":74,"column":0},"end":{"line":74,"column":36}},"74":{"start":{"line":75,"column":0},"end":{"line":75,"column":32}},"75":{"start":{"line":76,"column":0},"end":{"line":76,"column":29}},"76":{"start":{"line":77,"column":0},"end":{"line":77,"column":77}},"77":{"start":{"line":78,"column":0},"end":{"line":78,"column":91}},"78":{"start":{"line":79,"column":0},"end":{"line":79,"column":89}},"79":{"start":{"line":80,"column":0},"end":{"line":80,"column":25}},"80":{"start":{"line":81,"column":0},"end":{"line":81,"column":25}},"81":{"start":{"line":82,"column":0},"end":{"line":82,"column":13}},"82":{"start":{"line":83,"column":0},"end":{"line":83,"column":9}},"83":{"start":{"line":84,"column":0},"end":{"line":84,"column":5}},"84":{"start":{"line":85,"column":0},"end":{"line":85,"column":1}},"85":{"start":{"line":86,"column":0},"end":{"line":86,"column":40}},"86":{"start":{"line":87,"column":0},"end":{"line":87,"column":11}},"87":{"start":{"line":88,"column":0},"end":{"line":88,"column":18}},"88":{"start":{"line":89,"column":0},"end":{"line":89,"column":22}},"89":{"start":{"line":90,"column":0},"end":{"line":90,"column":13}},"90":{"start":{"line":91,"column":0},"end":{"line":91,"column":50}},"91":{"start":{"line":92,"column":0},"end":{"line":92,"column":65}},"92":{"start":{"line":93,"column":0},"end":{"line":93,"column":31}},"93":{"start":{"line":94,"column":0},"end":{"line":94,"column":31}},"94":{"start":{"line":95,"column":0},"end":{"line":95,"column":26}},"95":{"start":{"line":96,"column":0},"end":{"line":96,"column":36}},"96":{"start":{"line":97,"column":0},"end":{"line":97,"column":32}},"97":{"start":{"line":98,"column":0},"end":{"line":98,"column":29}},"98":{"start":{"line":99,"column":0},"end":{"line":99,"column":77}},"99":{"start":{"line":100,"column":0},"end":{"line":100,"column":91}},"100":{"start":{"line":101,"column":0},"end":{"line":101,"column":89}},"101":{"start":{"line":102,"column":0},"end":{"line":102,"column":25}},"102":{"start":{"line":103,"column":0},"end":{"line":103,"column":25}},"103":{"start":{"line":104,"column":0},"end":{"line":104,"column":14}},"104":{"start":{"line":105,"column":0},"end":{"line":105,"column":13}},"105":{"start":{"line":106,"column":0},"end":{"line":106,"column":50}},"106":{"start":{"line":107,"column":0},"end":{"line":107,"column":61}},"107":{"start":{"line":108,"column":0},"end":{"line":108,"column":31}},"108":{"start":{"line":109,"column":0},"end":{"line":109,"column":32}},"109":{"start":{"line":110,"column":0},"end":{"line":110,"column":27}},"110":{"start":{"line":111,"column":0},"end":{"line":111,"column":37}},"111":{"start":{"line":112,"column":0},"end":{"line":112,"column":33}},"112":{"start":{"line":113,"column":0},"end":{"line":113,"column":29}},"113":{"start":{"line":114,"column":0},"end":{"line":114,"column":77}},"114":{"start":{"line":115,"column":0},"end":{"line":115,"column":91}},"115":{"start":{"line":116,"column":0},"end":{"line":116,"column":89}},"116":{"start":{"line":117,"column":0},"end":{"line":117,"column":25}},"117":{"start":{"line":118,"column":0},"end":{"line":118,"column":25}},"118":{"start":{"line":119,"column":0},"end":{"line":119,"column":13}},"119":{"start":{"line":120,"column":0},"end":{"line":120,"column":9}},"120":{"start":{"line":121,"column":0},"end":{"line":121,"column":5}},"121":{"start":{"line":122,"column":0},"end":{"line":122,"column":1}},"122":{"start":{"line":123,"column":0},"end":{"line":123,"column":28}},"123":{"start":{"line":124,"column":0},"end":{"line":124,"column":38}},"124":{"start":{"line":125,"column":0},"end":{"line":125,"column":27}},"125":{"start":{"line":126,"column":0},"end":{"line":126,"column":20}},"126":{"start":{"line":127,"column":0},"end":{"line":127,"column":19}},"127":{"start":{"line":128,"column":0},"end":{"line":128,"column":14}},"128":{"start":{"line":129,"column":0},"end":{"line":129,"column":24}},"129":{"start":{"line":130,"column":0},"end":{"line":130,"column":19}},"130":{"start":{"line":131,"column":0},"end":{"line":131,"column":16}},"131":{"start":{"line":132,"column":0},"end":{"line":132,"column":66}},"132":{"start":{"line":133,"column":0},"end":{"line":133,"column":80}},"133":{"start":{"line":134,"column":0},"end":{"line":134,"column":78}},"134":{"start":{"line":135,"column":0},"end":{"line":135,"column":13}},"135":{"start":{"line":136,"column":0},"end":{"line":136,"column":13}},"136":{"start":{"line":137,"column":0},"end":{"line":137,"column":2}},"137":{"start":{"line":138,"column":0},"end":{"line":138,"column":21}},"138":{"start":{"line":139,"column":0},"end":{"line":139,"column":46}},"139":{"start":{"line":140,"column":0},"end":{"line":140,"column":45}},"140":{"start":{"line":141,"column":0},"end":{"line":141,"column":26}},"141":{"start":{"line":142,"column":0},"end":{"line":142,"column":27}},"142":{"start":{"line":143,"column":0},"end":{"line":143,"column":22}},"143":{"start":{"line":144,"column":0},"end":{"line":144,"column":32}},"144":{"start":{"line":145,"column":0},"end":{"line":145,"column":28}},"145":{"start":{"line":146,"column":0},"end":{"line":146,"column":26}},"146":{"start":{"line":147,"column":0},"end":{"line":147,"column":72}},"147":{"start":{"line":148,"column":0},"end":{"line":148,"column":86}},"148":{"start":{"line":149,"column":0},"end":{"line":149,"column":84}},"149":{"start":{"line":150,"column":0},"end":{"line":150,"column":21}},"150":{"start":{"line":151,"column":0},"end":{"line":151,"column":10}},"151":{"start":{"line":152,"column":0},"end":{"line":152,"column":21}},"152":{"start":{"line":153,"column":0},"end":{"line":153,"column":46}},"153":{"start":{"line":154,"column":0},"end":{"line":154,"column":49}},"154":{"start":{"line":155,"column":0},"end":{"line":155,"column":26}},"155":{"start":{"line":156,"column":0},"end":{"line":156,"column":27}},"156":{"start":{"line":157,"column":0},"end":{"line":157,"column":22}},"157":{"start":{"line":158,"column":0},"end":{"line":158,"column":32}},"158":{"start":{"line":159,"column":0},"end":{"line":159,"column":28}},"159":{"start":{"line":160,"column":0},"end":{"line":160,"column":25}},"160":{"start":{"line":161,"column":0},"end":{"line":161,"column":72}},"161":{"start":{"line":162,"column":0},"end":{"line":162,"column":86}},"162":{"start":{"line":163,"column":0},"end":{"line":163,"column":84}},"163":{"start":{"line":164,"column":0},"end":{"line":164,"column":21}},"164":{"start":{"line":165,"column":0},"end":{"line":165,"column":10}},"165":{"start":{"line":166,"column":0},"end":{"line":166,"column":0}},"166":{"start":{"line":167,"column":0},"end":{"line":167,"column":0}},"167":{"start":{"line":168,"column":0},"end":{"line":168,"column":7}},"168":{"start":{"line":169,"column":0},"end":{"line":169,"column":0}},"169":{"start":{"line":170,"column":0},"end":{"line":170,"column":29}},"170":{"start":{"line":171,"column":0},"end":{"line":171,"column":20}},"171":{"start":{"line":172,"column":0},"end":{"line":172,"column":15}},"172":{"start":{"line":173,"column":0},"end":{"line":173,"column":9}},"173":{"start":{"line":174,"column":0},"end":{"line":174,"column":46}},"174":{"start":{"line":175,"column":0},"end":{"line":175,"column":28}},"175":{"start":{"line":176,"column":0},"end":{"line":176,"column":43}},"176":{"start":{"line":177,"column":0},"end":{"line":177,"column":43}},"177":{"start":{"line":178,"column":0},"end":{"line":178,"column":42}},"178":{"start":{"line":179,"column":0},"end":{"line":179,"column":14}},"179":{"start":{"line":180,"column":0},"end":{"line":180,"column":29}},"180":{"start":{"line":181,"column":0},"end":{"line":181,"column":59}},"181":{"start":{"line":182,"column":0},"end":{"line":182,"column":52}},"182":{"start":{"line":183,"column":0},"end":{"line":183,"column":52}},"183":{"start":{"line":184,"column":0},"end":{"line":184,"column":27}},"184":{"start":{"line":185,"column":0},"end":{"line":185,"column":10}},"185":{"start":{"line":186,"column":0},"end":{"line":186,"column":9}},"186":{"start":{"line":187,"column":0},"end":{"line":187,"column":46}},"187":{"start":{"line":188,"column":0},"end":{"line":188,"column":28}},"188":{"start":{"line":189,"column":0},"end":{"line":189,"column":43}},"189":{"start":{"line":190,"column":0},"end":{"line":190,"column":43}},"190":{"start":{"line":191,"column":0},"end":{"line":191,"column":42}},"191":{"start":{"line":192,"column":0},"end":{"line":192,"column":14}},"192":{"start":{"line":193,"column":0},"end":{"line":193,"column":29}},"193":{"start":{"line":194,"column":0},"end":{"line":194,"column":59}},"194":{"start":{"line":195,"column":0},"end":{"line":195,"column":52}},"195":{"start":{"line":196,"column":0},"end":{"line":196,"column":52}},"196":{"start":{"line":197,"column":0},"end":{"line":197,"column":27}},"197":{"start":{"line":198,"column":0},"end":{"line":198,"column":9}},"198":{"start":{"line":199,"column":0},"end":{"line":199,"column":6}},"199":{"start":{"line":200,"column":0},"end":{"line":200,"column":19}},"200":{"start":{"line":201,"column":0},"end":{"line":201,"column":19}},"201":{"start":{"line":202,"column":0},"end":{"line":202,"column":2}},"202":{"start":{"line":203,"column":0},"end":{"line":203,"column":33}},"203":{"start":{"line":204,"column":0},"end":{"line":204,"column":9}},"204":{"start":{"line":205,"column":0},"end":{"line":205,"column":46}},"205":{"start":{"line":206,"column":0},"end":{"line":206,"column":28}},"206":{"start":{"line":207,"column":0},"end":{"line":207,"column":43}},"207":{"start":{"line":208,"column":0},"end":{"line":208,"column":43}},"208":{"start":{"line":209,"column":0},"end":{"line":209,"column":42}},"209":{"start":{"line":210,"column":0},"end":{"line":210,"column":14}},"210":{"start":{"line":211,"column":0},"end":{"line":211,"column":29}},"211":{"start":{"line":212,"column":0},"end":{"line":212,"column":59}},"212":{"start":{"line":213,"column":0},"end":{"line":213,"column":52}},"213":{"start":{"line":214,"column":0},"end":{"line":214,"column":52}},"214":{"start":{"line":215,"column":0},"end":{"line":215,"column":27}},"215":{"start":{"line":216,"column":0},"end":{"line":216,"column":10}},"216":{"start":{"line":217,"column":0},"end":{"line":217,"column":6}},"217":{"start":{"line":218,"column":0},"end":{"line":218,"column":0}},"218":{"start":{"line":219,"column":0},"end":{"line":219,"column":13}},"219":{"start":{"line":220,"column":0},"end":{"line":220,"column":36}},"220":{"start":{"line":221,"column":0},"end":{"line":221,"column":9}},"221":{"start":{"line":222,"column":0},"end":{"line":222,"column":46}},"222":{"start":{"line":223,"column":0},"end":{"line":223,"column":45}},"223":{"start":{"line":224,"column":0},"end":{"line":224,"column":26}},"224":{"start":{"line":225,"column":0},"end":{"line":225,"column":27}},"225":{"start":{"line":226,"column":0},"end":{"line":226,"column":22}},"226":{"start":{"line":227,"column":0},"end":{"line":227,"column":32}},"227":{"start":{"line":228,"column":0},"end":{"line":228,"column":28}},"228":{"start":{"line":229,"column":0},"end":{"line":229,"column":26}},"229":{"start":{"line":230,"column":0},"end":{"line":230,"column":72}},"230":{"start":{"line":231,"column":0},"end":{"line":231,"column":86}},"231":{"start":{"line":232,"column":0},"end":{"line":232,"column":84}},"232":{"start":{"line":233,"column":0},"end":{"line":233,"column":20}},"233":{"start":{"line":234,"column":0},"end":{"line":234,"column":10}},"234":{"start":{"line":235,"column":0},"end":{"line":235,"column":9}},"235":{"start":{"line":236,"column":0},"end":{"line":236,"column":46}},"236":{"start":{"line":237,"column":0},"end":{"line":237,"column":57}},"237":{"start":{"line":238,"column":0},"end":{"line":238,"column":27}},"238":{"start":{"line":239,"column":0},"end":{"line":239,"column":28}},"239":{"start":{"line":240,"column":0},"end":{"line":240,"column":23}},"240":{"start":{"line":241,"column":0},"end":{"line":241,"column":33}},"241":{"start":{"line":242,"column":0},"end":{"line":242,"column":29}},"242":{"start":{"line":243,"column":0},"end":{"line":243,"column":25}},"243":{"start":{"line":244,"column":0},"end":{"line":244,"column":73}},"244":{"start":{"line":245,"column":0},"end":{"line":245,"column":87}},"245":{"start":{"line":246,"column":0},"end":{"line":246,"column":85}},"246":{"start":{"line":247,"column":0},"end":{"line":247,"column":20}},"247":{"start":{"line":248,"column":0},"end":{"line":248,"column":10}},"248":{"start":{"line":249,"column":0},"end":{"line":249,"column":9}},"249":{"start":{"line":250,"column":0},"end":{"line":250,"column":46}},"250":{"start":{"line":251,"column":0},"end":{"line":251,"column":61}},"251":{"start":{"line":252,"column":0},"end":{"line":252,"column":27}},"252":{"start":{"line":253,"column":0},"end":{"line":253,"column":27}},"253":{"start":{"line":254,"column":0},"end":{"line":254,"column":22}},"254":{"start":{"line":255,"column":0},"end":{"line":255,"column":32}},"255":{"start":{"line":256,"column":0},"end":{"line":256,"column":28}},"256":{"start":{"line":257,"column":0},"end":{"line":257,"column":25}},"257":{"start":{"line":258,"column":0},"end":{"line":258,"column":73}},"258":{"start":{"line":259,"column":0},"end":{"line":259,"column":87}},"259":{"start":{"line":260,"column":0},"end":{"line":260,"column":85}},"260":{"start":{"line":261,"column":0},"end":{"line":261,"column":20}},"261":{"start":{"line":262,"column":0},"end":{"line":262,"column":10}},"262":{"start":{"line":263,"column":0},"end":{"line":263,"column":9}},"263":{"start":{"line":264,"column":0},"end":{"line":264,"column":46}},"264":{"start":{"line":265,"column":0},"end":{"line":265,"column":35}},"265":{"start":{"line":266,"column":0},"end":{"line":266,"column":28}},"266":{"start":{"line":267,"column":0},"end":{"line":267,"column":27}},"267":{"start":{"line":268,"column":0},"end":{"line":268,"column":22}},"268":{"start":{"line":269,"column":0},"end":{"line":269,"column":32}},"269":{"start":{"line":270,"column":0},"end":{"line":270,"column":27}},"270":{"start":{"line":271,"column":0},"end":{"line":271,"column":24}},"271":{"start":{"line":272,"column":0},"end":{"line":272,"column":74}},"272":{"start":{"line":273,"column":0},"end":{"line":273,"column":88}},"273":{"start":{"line":274,"column":0},"end":{"line":274,"column":86}},"274":{"start":{"line":275,"column":0},"end":{"line":275,"column":20}},"275":{"start":{"line":276,"column":0},"end":{"line":276,"column":10}},"276":{"start":{"line":277,"column":0},"end":{"line":277,"column":9}},"277":{"start":{"line":278,"column":0},"end":{"line":278,"column":46}},"278":{"start":{"line":279,"column":0},"end":{"line":279,"column":49}},"279":{"start":{"line":280,"column":0},"end":{"line":280,"column":28}},"280":{"start":{"line":281,"column":0},"end":{"line":281,"column":27}},"281":{"start":{"line":282,"column":0},"end":{"line":282,"column":22}},"282":{"start":{"line":283,"column":0},"end":{"line":283,"column":32}},"283":{"start":{"line":284,"column":0},"end":{"line":284,"column":27}},"284":{"start":{"line":285,"column":0},"end":{"line":285,"column":24}},"285":{"start":{"line":286,"column":0},"end":{"line":286,"column":74}},"286":{"start":{"line":287,"column":0},"end":{"line":287,"column":88}},"287":{"start":{"line":288,"column":0},"end":{"line":288,"column":86}},"288":{"start":{"line":289,"column":0},"end":{"line":289,"column":20}},"289":{"start":{"line":290,"column":0},"end":{"line":290,"column":10}},"290":{"start":{"line":291,"column":0},"end":{"line":291,"column":9}},"291":{"start":{"line":292,"column":0},"end":{"line":292,"column":46}},"292":{"start":{"line":293,"column":0},"end":{"line":293,"column":61}},"293":{"start":{"line":294,"column":0},"end":{"line":294,"column":27}},"294":{"start":{"line":295,"column":0},"end":{"line":295,"column":28}},"295":{"start":{"line":296,"column":0},"end":{"line":296,"column":23}},"296":{"start":{"line":297,"column":0},"end":{"line":297,"column":32}},"297":{"start":{"line":298,"column":0},"end":{"line":298,"column":28}},"298":{"start":{"line":299,"column":0},"end":{"line":299,"column":26}},"299":{"start":{"line":300,"column":0},"end":{"line":300,"column":73}},"300":{"start":{"line":301,"column":0},"end":{"line":301,"column":87}},"301":{"start":{"line":302,"column":0},"end":{"line":302,"column":85}},"302":{"start":{"line":303,"column":0},"end":{"line":303,"column":20}},"303":{"start":{"line":304,"column":0},"end":{"line":304,"column":10}},"304":{"start":{"line":305,"column":0},"end":{"line":305,"column":9}},"305":{"start":{"line":306,"column":0},"end":{"line":306,"column":46}},"306":{"start":{"line":307,"column":0},"end":{"line":307,"column":50}},"307":{"start":{"line":308,"column":0},"end":{"line":308,"column":27}},"308":{"start":{"line":309,"column":0},"end":{"line":309,"column":28}},"309":{"start":{"line":310,"column":0},"end":{"line":310,"column":23}},"310":{"start":{"line":311,"column":0},"end":{"line":311,"column":33}},"311":{"start":{"line":312,"column":0},"end":{"line":312,"column":29}},"312":{"start":{"line":313,"column":0},"end":{"line":313,"column":26}},"313":{"start":{"line":314,"column":0},"end":{"line":314,"column":73}},"314":{"start":{"line":315,"column":0},"end":{"line":315,"column":87}},"315":{"start":{"line":316,"column":0},"end":{"line":316,"column":85}},"316":{"start":{"line":317,"column":0},"end":{"line":317,"column":20}},"317":{"start":{"line":318,"column":0},"end":{"line":318,"column":10}},"318":{"start":{"line":319,"column":0},"end":{"line":319,"column":9}},"319":{"start":{"line":320,"column":0},"end":{"line":320,"column":46}},"320":{"start":{"line":321,"column":0},"end":{"line":321,"column":49}},"321":{"start":{"line":322,"column":0},"end":{"line":322,"column":26}},"322":{"start":{"line":323,"column":0},"end":{"line":323,"column":27}},"323":{"start":{"line":324,"column":0},"end":{"line":324,"column":22}},"324":{"start":{"line":325,"column":0},"end":{"line":325,"column":32}},"325":{"start":{"line":326,"column":0},"end":{"line":326,"column":28}},"326":{"start":{"line":327,"column":0},"end":{"line":327,"column":25}},"327":{"start":{"line":328,"column":0},"end":{"line":328,"column":72}},"328":{"start":{"line":329,"column":0},"end":{"line":329,"column":86}},"329":{"start":{"line":330,"column":0},"end":{"line":330,"column":84}},"330":{"start":{"line":331,"column":0},"end":{"line":331,"column":20}},"331":{"start":{"line":332,"column":0},"end":{"line":332,"column":10}},"332":{"start":{"line":333,"column":0},"end":{"line":333,"column":9}},"333":{"start":{"line":334,"column":0},"end":{"line":334,"column":46}},"334":{"start":{"line":335,"column":0},"end":{"line":335,"column":54}},"335":{"start":{"line":336,"column":0},"end":{"line":336,"column":28}},"336":{"start":{"line":337,"column":0},"end":{"line":337,"column":27}},"337":{"start":{"line":338,"column":0},"end":{"line":338,"column":22}},"338":{"start":{"line":339,"column":0},"end":{"line":339,"column":32}},"339":{"start":{"line":340,"column":0},"end":{"line":340,"column":27}},"340":{"start":{"line":341,"column":0},"end":{"line":341,"column":24}},"341":{"start":{"line":342,"column":0},"end":{"line":342,"column":74}},"342":{"start":{"line":343,"column":0},"end":{"line":343,"column":88}},"343":{"start":{"line":344,"column":0},"end":{"line":344,"column":86}},"344":{"start":{"line":345,"column":0},"end":{"line":345,"column":20}},"345":{"start":{"line":346,"column":0},"end":{"line":346,"column":10}},"346":{"start":{"line":347,"column":0},"end":{"line":347,"column":9}},"347":{"start":{"line":348,"column":0},"end":{"line":348,"column":46}},"348":{"start":{"line":349,"column":0},"end":{"line":349,"column":62}},"349":{"start":{"line":350,"column":0},"end":{"line":350,"column":28}},"350":{"start":{"line":351,"column":0},"end":{"line":351,"column":28}},"351":{"start":{"line":352,"column":0},"end":{"line":352,"column":22}},"352":{"start":{"line":353,"column":0},"end":{"line":353,"column":33}},"353":{"start":{"line":354,"column":0},"end":{"line":354,"column":28}},"354":{"start":{"line":355,"column":0},"end":{"line":355,"column":24}},"355":{"start":{"line":356,"column":0},"end":{"line":356,"column":74}},"356":{"start":{"line":357,"column":0},"end":{"line":357,"column":88}},"357":{"start":{"line":358,"column":0},"end":{"line":358,"column":86}},"358":{"start":{"line":359,"column":0},"end":{"line":359,"column":20}},"359":{"start":{"line":360,"column":0},"end":{"line":360,"column":10}},"360":{"start":{"line":361,"column":0},"end":{"line":361,"column":9}},"361":{"start":{"line":362,"column":0},"end":{"line":362,"column":46}},"362":{"start":{"line":363,"column":0},"end":{"line":363,"column":51}},"363":{"start":{"line":364,"column":0},"end":{"line":364,"column":27}},"364":{"start":{"line":365,"column":0},"end":{"line":365,"column":28}},"365":{"start":{"line":366,"column":0},"end":{"line":366,"column":23}},"366":{"start":{"line":367,"column":0},"end":{"line":367,"column":33}},"367":{"start":{"line":368,"column":0},"end":{"line":368,"column":28}},"368":{"start":{"line":369,"column":0},"end":{"line":369,"column":25}},"369":{"start":{"line":370,"column":0},"end":{"line":370,"column":79}},"370":{"start":{"line":371,"column":0},"end":{"line":371,"column":93}},"371":{"start":{"line":372,"column":0},"end":{"line":372,"column":91}},"372":{"start":{"line":373,"column":0},"end":{"line":373,"column":20}},"373":{"start":{"line":374,"column":0},"end":{"line":374,"column":10}},"374":{"start":{"line":375,"column":0},"end":{"line":375,"column":9}},"375":{"start":{"line":376,"column":0},"end":{"line":376,"column":46}},"376":{"start":{"line":377,"column":0},"end":{"line":377,"column":50}},"377":{"start":{"line":378,"column":0},"end":{"line":378,"column":27}},"378":{"start":{"line":379,"column":0},"end":{"line":379,"column":27}},"379":{"start":{"line":380,"column":0},"end":{"line":380,"column":21}},"380":{"start":{"line":381,"column":0},"end":{"line":381,"column":32}},"381":{"start":{"line":382,"column":0},"end":{"line":382,"column":27}},"382":{"start":{"line":383,"column":0},"end":{"line":383,"column":25}},"383":{"start":{"line":384,"column":0},"end":{"line":384,"column":70}},"384":{"start":{"line":385,"column":0},"end":{"line":385,"column":84}},"385":{"start":{"line":386,"column":0},"end":{"line":386,"column":82}},"386":{"start":{"line":387,"column":0},"end":{"line":387,"column":20}},"387":{"start":{"line":388,"column":0},"end":{"line":388,"column":10}},"388":{"start":{"line":389,"column":0},"end":{"line":389,"column":9}},"389":{"start":{"line":390,"column":0},"end":{"line":390,"column":46}},"390":{"start":{"line":391,"column":0},"end":{"line":391,"column":60}},"391":{"start":{"line":392,"column":0},"end":{"line":392,"column":27}},"392":{"start":{"line":393,"column":0},"end":{"line":393,"column":28}},"393":{"start":{"line":394,"column":0},"end":{"line":394,"column":23}},"394":{"start":{"line":395,"column":0},"end":{"line":395,"column":33}},"395":{"start":{"line":396,"column":0},"end":{"line":396,"column":28}},"396":{"start":{"line":397,"column":0},"end":{"line":397,"column":25}},"397":{"start":{"line":398,"column":0},"end":{"line":398,"column":70}},"398":{"start":{"line":399,"column":0},"end":{"line":399,"column":84}},"399":{"start":{"line":400,"column":0},"end":{"line":400,"column":82}},"400":{"start":{"line":401,"column":0},"end":{"line":401,"column":20}},"401":{"start":{"line":402,"column":0},"end":{"line":402,"column":10}},"402":{"start":{"line":403,"column":0},"end":{"line":403,"column":9}},"403":{"start":{"line":404,"column":0},"end":{"line":404,"column":46}},"404":{"start":{"line":405,"column":0},"end":{"line":405,"column":47}},"405":{"start":{"line":406,"column":0},"end":{"line":406,"column":27}},"406":{"start":{"line":407,"column":0},"end":{"line":407,"column":26}},"407":{"start":{"line":408,"column":0},"end":{"line":408,"column":21}},"408":{"start":{"line":409,"column":0},"end":{"line":409,"column":31}},"409":{"start":{"line":410,"column":0},"end":{"line":410,"column":26}},"410":{"start":{"line":411,"column":0},"end":{"line":411,"column":26}},"411":{"start":{"line":412,"column":0},"end":{"line":412,"column":71}},"412":{"start":{"line":413,"column":0},"end":{"line":413,"column":85}},"413":{"start":{"line":414,"column":0},"end":{"line":414,"column":83}},"414":{"start":{"line":415,"column":0},"end":{"line":415,"column":20}},"415":{"start":{"line":416,"column":0},"end":{"line":416,"column":10}},"416":{"start":{"line":417,"column":0},"end":{"line":417,"column":9}},"417":{"start":{"line":418,"column":0},"end":{"line":418,"column":46}},"418":{"start":{"line":419,"column":0},"end":{"line":419,"column":49}},"419":{"start":{"line":420,"column":0},"end":{"line":420,"column":27}},"420":{"start":{"line":421,"column":0},"end":{"line":421,"column":27}},"421":{"start":{"line":422,"column":0},"end":{"line":422,"column":22}},"422":{"start":{"line":423,"column":0},"end":{"line":423,"column":33}},"423":{"start":{"line":424,"column":0},"end":{"line":424,"column":29}},"424":{"start":{"line":425,"column":0},"end":{"line":425,"column":26}},"425":{"start":{"line":426,"column":0},"end":{"line":426,"column":72}},"426":{"start":{"line":427,"column":0},"end":{"line":427,"column":86}},"427":{"start":{"line":428,"column":0},"end":{"line":428,"column":84}},"428":{"start":{"line":429,"column":0},"end":{"line":429,"column":20}},"429":{"start":{"line":430,"column":0},"end":{"line":430,"column":9}},"430":{"start":{"line":431,"column":0},"end":{"line":431,"column":5}},"431":{"start":{"line":432,"column":0},"end":{"line":432,"column":0}},"432":{"start":{"line":433,"column":0},"end":{"line":433,"column":0}},"433":{"start":{"line":434,"column":0},"end":{"line":434,"column":7}},"434":{"start":{"line":435,"column":0},"end":{"line":435,"column":0}},"435":{"start":{"line":436,"column":0},"end":{"line":436,"column":116}},"436":{"start":{"line":437,"column":0},"end":{"line":437,"column":36}},"437":{"start":{"line":438,"column":0},"end":{"line":438,"column":18}},"438":{"start":{"line":439,"column":0},"end":{"line":439,"column":49}},"439":{"start":{"line":440,"column":0},"end":{"line":440,"column":0}},"440":{"start":{"line":441,"column":0},"end":{"line":441,"column":12}},"441":{"start":{"line":442,"column":0},"end":{"line":442,"column":104}},"442":{"start":{"line":443,"column":0},"end":{"line":443,"column":38}},"443":{"start":{"line":444,"column":0},"end":{"line":444,"column":21}},"444":{"start":{"line":445,"column":0},"end":{"line":445,"column":51}},"445":{"start":{"line":446,"column":0},"end":{"line":446,"column":44}},"446":{"start":{"line":447,"column":0},"end":{"line":447,"column":44}},"447":{"start":{"line":448,"column":0},"end":{"line":448,"column":21}},"448":{"start":{"line":449,"column":0},"end":{"line":449,"column":3}},"449":{"start":{"line":450,"column":0},"end":{"line":450,"column":2}},"450":{"start":{"line":451,"column":0},"end":{"line":451,"column":38}},"451":{"start":{"line":452,"column":0},"end":{"line":452,"column":18}},"452":{"start":{"line":453,"column":0},"end":{"line":453,"column":13}},"453":{"start":{"line":454,"column":0},"end":{"line":454,"column":5}},"454":{"start":{"line":455,"column":0},"end":{"line":455,"column":40}},"455":{"start":{"line":456,"column":0},"end":{"line":456,"column":22}},"456":{"start":{"line":457,"column":0},"end":{"line":457,"column":35}},"457":{"start":{"line":458,"column":0},"end":{"line":458,"column":35}},"458":{"start":{"line":459,"column":0},"end":{"line":459,"column":35}},"459":{"start":{"line":460,"column":0},"end":{"line":460,"column":34}},"460":{"start":{"line":461,"column":0},"end":{"line":461,"column":8}},"461":{"start":{"line":462,"column":0},"end":{"line":462,"column":42}},"462":{"start":{"line":463,"column":0},"end":{"line":463,"column":23}},"463":{"start":{"line":464,"column":0},"end":{"line":464,"column":45}},"464":{"start":{"line":465,"column":0},"end":{"line":465,"column":46}},"465":{"start":{"line":466,"column":0},"end":{"line":466,"column":46}},"466":{"start":{"line":467,"column":0},"end":{"line":467,"column":23}},"467":{"start":{"line":468,"column":0},"end":{"line":468,"column":14}},"468":{"start":{"line":469,"column":0},"end":{"line":469,"column":5}},"469":{"start":{"line":470,"column":0},"end":{"line":470,"column":3}},"470":{"start":{"line":471,"column":0},"end":{"line":471,"column":2}},"471":{"start":{"line":472,"column":0},"end":{"line":472,"column":0}},"472":{"start":{"line":473,"column":0},"end":{"line":473,"column":6}},"473":{"start":{"line":474,"column":0},"end":{"line":474,"column":115}},"474":{"start":{"line":475,"column":0},"end":{"line":475,"column":55}},"475":{"start":{"line":476,"column":0},"end":{"line":476,"column":37}},"476":{"start":{"line":477,"column":0},"end":{"line":477,"column":18}},"477":{"start":{"line":478,"column":0},"end":{"line":478,"column":31}},"478":{"start":{"line":479,"column":0},"end":{"line":479,"column":37}},"479":{"start":{"line":480,"column":0},"end":{"line":480,"column":11}},"480":{"start":{"line":481,"column":0},"end":{"line":481,"column":24}},"481":{"start":{"line":482,"column":0},"end":{"line":482,"column":27}},"482":{"start":{"line":483,"column":0},"end":{"line":483,"column":4}},"483":{"start":{"line":484,"column":0},"end":{"line":484,"column":2}},"484":{"start":{"line":485,"column":0},"end":{"line":485,"column":39}},"485":{"start":{"line":486,"column":0},"end":{"line":486,"column":18}},"486":{"start":{"line":487,"column":0},"end":{"line":487,"column":11}},"487":{"start":{"line":488,"column":0},"end":{"line":488,"column":25}},"488":{"start":{"line":489,"column":0},"end":{"line":489,"column":33}},"489":{"start":{"line":490,"column":0},"end":{"line":490,"column":5}},"490":{"start":{"line":491,"column":0},"end":{"line":491,"column":3}}},"s":{"0":1,"1":1,"2":1,"3":1,"4":1,"5":1,"6":1,"7":1,"8":1,"9":1,"10":1,"11":1,"12":1,"13":1,"14":1,"15":1,"16":1,"17":1,"18":1,"19":1,"20":1,"21":1,"22":1,"23":1,"24":1,"25":1,"26":1,"27":1,"28":1,"29":1,"30":1,"31":1,"32":1,"33":1,"34":1,"35":1,"36":1,"37":1,"38":1,"39":1,"40":1,"41":1,"42":1,"43":1,"44":1,"45":1,"46":1,"47":1,"48":1,"49":1,"50":1,"51":1,"52":1,"53":1,"54":1,"55":1,"56":1,"57":1,"58":1,"59":1,"60":1,"61":1,"62":1,"63":1,"64":1,"65":1,"66":1,"67":1,"68":1,"69":1,"70":1,"71":1,"72":1,"73":1,"74":1,"75":1,"76":1,"77":1,"78":1,"79":1,"80":1,"81":1,"82":1,"83":1,"84":1,"85":1,"86":1,"87":1,"88":1,"89":1,"90":1,"91":1,"92":1,"93":1,"94":1,"95":1,"96":1,"97":1,"98":1,"99":1,"100":1,"101":1,"102":1,"103":1,"104":1,"105":1,"106":1,"107":1,"108":1,"109":1,"110":1,"111":1,"112":1,"113":1,"114":1,"115":1,"116":1,"117":1,"118":1,"119":1,"120":1,"121":1,"122":1,"123":1,"124":1,"125":1,"126":1,"127":1,"128":1,"129":1,"130":1,"131":1,"132":1,"133":1,"134":1,"135":1,"136":1,"137":1,"138":1,"139":1,"140":1,"141":1,"142":1,"143":1,"144":1,"145":1,"146":1,"147":1,"148":1,"149":1,"150":1,"151":1,"152":1,"153":1,"154":1,"155":1,"156":1,"157":1,"158":1,"159":1,"160":1,"161":1,"162":1,"163":1,"164":1,"165":1,"166":1,"167":1,"168":1,"169":1,"170":1,"171":1,"172":1,"173":1,"174":1,"175":1,"176":1,"177":1,"178":1,"179":1,"180":1,"181":1,"182":1,"183":1,"184":1,"185":1,"186":1,"187":1,"188":1,"189":1,"190":1,"191":1,"192":1,"193":1,"194":1,"195":1,"196":1,"197":1,"198":1,"199":1,"200":1,"201":1,"202":1,"203":1,"204":1,"205":1,"206":1,"207":1,"208":1,"209":1,"210":1,"211":1,"212":1,"213":1,"214":1,"215":1,"216":1,"217":1,"218":1,"219":1,"220":1,"221":1,"222":1,"223":1,"224":1,"225":1,"226":1,"227":1,"228":1,"229":1,"230":1,"231":1,"232":1,"233":1,"234":1,"235":1,"236":1,"237":1,"238":1,"239":1,"240":1,"241":1,"242":1,"243":1,"244":1,"245":1,"246":1,"247":1,"248":1,"249":1,"250":1,"251":1,"252":1,"253":1,"254":1,"255":1,"256":1,"257":1,"258":1,"259":1,"260":1,"261":1,"262":1,"263":1,"264":1,"265":1,"266":1,"267":1,"268":1,"269":1,"270":1,"271":1,"272":1,"273":1,"274":1,"275":1,"276":1,"277":1,"278":1,"279":1,"280":1,"281":1,"282":1,"283":1,"284":1,"285":1,"286":1,"287":1,"288":1,"289":1,"290":1,"291":1,"292":1,"293":1,"294":1,"295":1,"296":1,"297":1,"298":1,"299":1,"300":1,"301":1,"302":1,"303":1,"304":1,"305":1,"306":1,"307":1,"308":1,"309":1,"310":1,"311":1,"312":1,"313":1,"314":1,"315":1,"316":1,"317":1,"318":1,"319":1,"320":1,"321":1,"322":1,"323":1,"324":1,"325":1,"326":1,"327":1,"328":1,"329":1,"330":1,"331":1,"332":1,"333":1,"334":1,"335":1,"336":1,"337":1,"338":1,"339":1,"340":1,"341":1,"342":1,"343":1,"344":1,"345":1,"346":1,"347":1,"348":1,"349":1,"350":1,"351":1,"352":1,"353":1,"354":1,"355":1,"356":1,"357":1,"358":1,"359":1,"360":1,"361":1,"362":1,"363":1,"364":1,"365":1,"366":1,"367":1,"368":1,"369":1,"370":1,"371":1,"372":1,"373":1,"374":1,"375":1,"376":1,"377":1,"378":1,"379":1,"380":1,"381":1,"382":1,"383":1,"384":1,"385":1,"386":1,"387":1,"388":1,"389":1,"390":1,"391":1,"392":1,"393":1,"394":1,"395":1,"396":1,"397":1,"398":1,"399":1,"400":1,"401":1,"402":1,"403":1,"404":1,"405":1,"406":1,"407":1,"408":1,"409":1,"410":1,"411":1,"412":1,"413":1,"414":1,"415":1,"416":1,"417":1,"418":1,"419":1,"420":1,"421":1,"422":1,"423":1,"424":1,"425":1,"426":1,"427":1,"428":1,"429":1,"430":1,"431":1,"432":1,"433":1,"434":1,"435":1,"436":1,"437":1,"438":1,"439":1,"440":1,"441":1,"442":1,"443":1,"444":1,"445":1,"446":1,"447":1,"448":1,"449":1,"450":1,"451":1,"452":1,"453":1,"454":1,"455":1,"456":1,"457":1,"458":1,"459":1,"460":1,"461":1,"462":1,"463":1,"464":1,"465":1,"466":1,"467":1,"468":1,"469":1,"470":1,"471":1,"472":1,"473":1,"474":1,"475":1,"476":1,"477":1,"478":1,"479":1,"480":1,"481":1,"482":1,"483":1,"484":1,"485":1,"486":1,"487":1,"488":1,"489":1,"490":1},"branchMap":{},"b":{},"fnMap":{},"f":{}}
,"/Users/aleksmoraless/Desktop/Fullstack/Practicum/Projects/stellar-burgers/src/services/store.ts": {"path":"/Users/aleksmoraless/Desktop/Fullstack/Practicum/Projects/stellar-burgers/src/services/store.ts","all":false,"statementMap":{"0":{"start":{"line":1,"column":0},"end":{"line":1,"column":65}},"1":{"start":{"line":2,"column":0},"end":{"line":2,"column":0}},"2":{"start":{"line":3,"column":0},"end":{"line":3,"column":8}},"3":{"start":{"line":4,"column":0},"end":{"line":4,"column":23}},"4":{"start":{"line":5,"column":0},"end":{"line":5,"column":30}},"5":{"start":{"line":6,"column":0},"end":{"line":6,"column":29}},"6":{"start":{"line":7,"column":0},"end":{"line":7,"column":21}},"7":{"start":{"line":8,"column":0},"end":{"line":8,"column":61}},"8":{"start":{"line":9,"column":0},"end":{"line":9,"column":65}},"9":{"start":{"line":10,"column":0},"end":{"line":10,"column":47}},"10":{"start":{"line":11,"column":0},"end":{"line":11,"column":47}},"11":{"start":{"line":12,"column":0},"end":{"line":12,"column":49}},"12":{"start":{"line":13,"column":0},"end":{"line":13,"column":0}},"13":{"start":{"line":14,"column":0},"end":{"line":14,"column":41}},"14":{"start":{"line":15,"column":0},"end":{"line":15,"column":20}},"15":{"start":{"line":16,"column":0},"end":{"line":16,"column":22}},"16":{"start":{"line":17,"column":0},"end":{"line":17,"column":13}},"17":{"start":{"line":18,"column":0},"end":{"line":18,"column":12}},"18":{"start":{"line":19,"column":0},"end":{"line":19,"column":12}},"19":{"start":{"line":20,"column":0},"end":{"line":20,"column":45}},"20":{"start":{"line":21,"column":0},"end":{"line":21,"column":0}},"21":{"start":{"line":22,"column":0},"end":{"line":22,"column":30}},"22":{"start":{"line":23,"column":0},"end":{"line":23,"column":23}},"23":{"start":{"line":24,"column":0},"end":{"line":24,"column":49}},"24":{"start":{"line":25,"column":0},"end":{"line":25,"column":3}},"25":{"start":{"line":26,"column":0},"end":{"line":26,"column":0}},"26":{"start":{"line":27,"column":0},"end":{"line":27,"column":0}},"27":{"start":{"line":28,"column":0},"end":{"line":28,"column":55}},"28":{"start":{"line":29,"column":0},"end":{"line":29,"column":0}},"29":{"start":{"line":30,"column":0},"end":{"line":30,"column":48}},"30":{"start":{"line":31,"column":0},"end":{"line":31,"column":0}},"31":{"start":{"line":32,"column":0},"end":{"line":32,"column":67}},"32":{"start":{"line":33,"column":0},"end":{"line":33,"column":73}},"33":{"start":{"line":34,"column":0},"end":{"line":34,"column":0}},"34":{"start":{"line":35,"column":0},"end":{"line":35,"column":21}}},"s":{"0":1,"1":1,"2":1,"3":1,"4":1,"5":1,"6":1,"7":1,"8":1,"9":1,"10":1,"11":1,"12":1,"13":1,"14":1,"15":1,"16":1,"17":1,"18":1,"19":1,"20":1,"21":1,"22":1,"23":1,"24":1,"25":1,"26":1,"27":1,"28":1,"29":1,"30":1,"31":1,"32":1,"33":1,"34":1},"branchMap":{},"b":{},"fnMap":{"0":{"name":"useDispatch","decl":{"start":{"line":32,"column":46},"end":{"line":32,"column":64}},"loc":{"start":{"line":32,"column":46},"end":{"line":32,"column":64}},"line":32}},"f":{"0":0}}
,"/Users/aleksmoraless/Desktop/Fullstack/Practicum/Projects/stellar-burgers/src/services/slices/burgerBuilderSlice.ts": {"path":"/Users/aleksmoraless/Desktop/Fullstack/Practicum/Projects/stellar-burgers/src/services/slices/burgerBuilderSlice.ts","all":false,"statementMap":{"0":{"start":{"line":1,"column":0},"end":{"line":1,"column":62}},"1":{"start":{"line":2,"column":0},"end":{"line":2,"column":81}},"2":{"start":{"line":3,"column":0},"end":{"line":3,"column":75}},"3":{"start":{"line":4,"column":0},"end":{"line":4,"column":42}},"4":{"start":{"line":5,"column":0},"end":{"line":5,"column":0}},"5":{"start":{"line":6,"column":0},"end":{"line":6,"column":35}},"6":{"start":{"line":7,"column":0},"end":{"line":7,"column":9}},"7":{"start":{"line":8,"column":0},"end":{"line":8,"column":28}},"8":{"start":{"line":9,"column":0},"end":{"line":9,"column":41}},"9":{"start":{"line":10,"column":0},"end":{"line":10,"column":3}},"10":{"start":{"line":11,"column":0},"end":{"line":11,"column":1}},"11":{"start":{"line":12,"column":0},"end":{"line":12,"column":0}},"12":{"start":{"line":13,"column":0},"end":{"line":13,"column":43}},"13":{"start":{"line":14,"column":0},"end":{"line":14,"column":9}},"14":{"start":{"line":15,"column":0},"end":{"line":15,"column":14}},"15":{"start":{"line":16,"column":0},"end":{"line":16,"column":19}},"16":{"start":{"line":17,"column":0},"end":{"line":17,"column":3}},"17":{"start":{"line":18,"column":0},"end":{"line":18,"column":1}},"18":{"start":{"line":19,"column":0},"end":{"line":19,"column":0}},"19":{"start":{"line":20,"column":0},"end":{"line":20,"column":47}},"20":{"start":{"line":21,"column":0},"end":{"line":21,"column":34}},"21":{"start":{"line":22,"column":0},"end":{"line":22,"column":15}},"22":{"start":{"line":23,"column":0},"end":{"line":23,"column":14}},"23":{"start":{"line":24,"column":0},"end":{"line":24,"column":35}},"24":{"start":{"line":25,"column":0},"end":{"line":25,"column":4}},"25":{"start":{"line":26,"column":0},"end":{"line":26,"column":13}},"26":{"start":{"line":27,"column":0},"end":{"line":27,"column":20}},"27":{"start":{"line":28,"column":0},"end":{"line":28,"column":74}},"28":{"start":{"line":29,"column":0},"end":{"line":29,"column":44}},"29":{"start":{"line":30,"column":0},"end":{"line":30,"column":42}},"30":{"start":{"line":31,"column":0},"end":{"line":31,"column":16}},"31":{"start":{"line":32,"column":0},"end":{"line":32,"column":54}},"32":{"start":{"line":33,"column":0},"end":{"line":33,"column":9}},"33":{"start":{"line":34,"column":0},"end":{"line":34,"column":8}},"34":{"start":{"line":35,"column":0},"end":{"line":35,"column":45}},"35":{"start":{"line":36,"column":0},"end":{"line":36,"column":28}},"36":{"start":{"line":37,"column":0},"end":{"line":37,"column":49}},"37":{"start":{"line":38,"column":0},"end":{"line":38,"column":7}},"38":{"start":{"line":39,"column":0},"end":{"line":39,"column":6}},"39":{"start":{"line":40,"column":0},"end":{"line":40,"column":65}},"40":{"start":{"line":41,"column":0},"end":{"line":41,"column":101}},"41":{"start":{"line":42,"column":0},"end":{"line":42,"column":6}},"42":{"start":{"line":43,"column":0},"end":{"line":43,"column":34}},"43":{"start":{"line":44,"column":0},"end":{"line":44,"column":28}},"44":{"start":{"line":45,"column":0},"end":{"line":45,"column":40}},"45":{"start":{"line":46,"column":0},"end":{"line":46,"column":6}},"46":{"start":{"line":47,"column":0},"end":{"line":47,"column":67}},"47":{"start":{"line":48,"column":0},"end":{"line":48,"column":177}},"48":{"start":{"line":49,"column":0},"end":{"line":49,"column":6}},"49":{"start":{"line":50,"column":0},"end":{"line":50,"column":65}},"50":{"start":{"line":51,"column":0},"end":{"line":51,"column":177}},"51":{"start":{"line":52,"column":0},"end":{"line":52,"column":6}},"52":{"start":{"line":53,"column":0},"end":{"line":53,"column":4}},"53":{"start":{"line":54,"column":0},"end":{"line":54,"column":3}},"54":{"start":{"line":55,"column":0},"end":{"line":55,"column":0}},"55":{"start":{"line":56,"column":0},"end":{"line":56,"column":61}},"56":{"start":{"line":57,"column":0},"end":{"line":57,"column":67}},"57":{"start":{"line":58,"column":0},"end":{"line":58,"column":0}},"58":{"start":{"line":59,"column":0},"end":{"line":59,"column":42}}},"s":{"0":1,"1":1,"2":1,"3":1,"4":1,"5":1,"6":1,"7":1,"8":1,"9":1,"10":1,"11":1,"12":1,"13":1,"14":1,"15":1,"16":1,"17":1,"18":1,"19":1,"20":1,"21":1,"22":1,"23":1,"24":1,"25":1,"26":1,"27":1,"28":3,"29":2,"30":3,"31":1,"32":1,"33":1,"34":1,"35":3,"36":3,"37":3,"38":1,"39":1,"40":1,"41":1,"42":1,"43":0,"44":0,"45":1,"46":1,"47":0,"48":1,"49":1,"50":1,"51":1,"52":1,"53":1,"54":1,"55":1,"56":1,"57":1,"58":1},"branchMap":{"0":{"type":"branch","line":28,"loc":{"start":{"line":28,"column":15},"end":{"line":34,"column":7}},"locations":[{"start":{"line":28,"column":15},"end":{"line":34,"column":7}}]},"1":{"type":"branch","line":29,"loc":{"start":{"line":29,"column":43},"end":{"line":31,"column":9}},"locations":[{"start":{"line":29,"column":43},"end":{"line":31,"column":9}}]},"2":{"type":"branch","line":31,"loc":{"start":{"line":31,"column":9},"end":{"line":33,"column":9}},"locations":[{"start":{"line":31,"column":9},"end":{"line":33,"column":9}}]},"3":{"type":"branch","line":35,"loc":{"start":{"line":35,"column":15},"end":{"line":38,"column":7}},"locations":[{"start":{"line":35,"column":15},"end":{"line":38,"column":7}}]},"4":{"type":"branch","line":40,"loc":{"start":{"line":40,"column":22},"end":{"line":42,"column":5}},"locations":[{"start":{"line":40,"column":22},"end":{"line":42,"column":5}}]},"5":{"type":"branch","line":41,"loc":{"start":{"line":41,"column":61},"end":{"line":41,"column":80}},"locations":[{"start":{"line":41,"column":61},"end":{"line":41,"column":80}}]},"6":{"type":"branch","line":50,"loc":{"start":{"line":50,"column":22},"end":{"line":52,"column":5}},"locations":[{"start":{"line":50,"column":22},"end":{"line":52,"column":5}}]}},"b":{"0":[3],"1":[2],"2":[1],"3":[3],"4":[1],"5":[2],"6":[1]},"fnMap":{"0":{"name":"getBurger","decl":{"start":{"line":24,"column":15},"end":{"line":24,"column":29}},"loc":{"start":{"line":24,"column":15},"end":{"line":24,"column":29}},"line":24},"1":{"name":"reducer","decl":{"start":{"line":28,"column":15},"end":{"line":34,"column":7}},"loc":{"start":{"line":28,"column":15},"end":{"line":34,"column":7}},"line":28},"2":{"name":"prepare","decl":{"start":{"line":35,"column":15},"end":{"line":38,"column":7}},"loc":{"start":{"line":35,"column":15},"end":{"line":38,"column":7}},"line":35},"3":{"name":"deleteIngredient","decl":{"start":{"line":40,"column":22},"end":{"line":42,"column":5}},"loc":{"start":{"line":40,"column":22},"end":{"line":42,"column":5}},"line":40},"4":{"name":"clearIngredients","decl":{"start":{"line":43,"column":22},"end":{"line":46,"column":5}},"loc":{"start":{"line":43,"column":22},"end":{"line":46,"column":5}},"line":43},"5":{"name":"moveDownIngredient","decl":{"start":{"line":47,"column":24},"end":{"line":49,"column":5}},"loc":{"start":{"line":47,"column":24},"end":{"line":49,"column":5}},"line":47},"6":{"name":"moveUpIngredient","decl":{"start":{"line":50,"column":22},"end":{"line":52,"column":5}},"loc":{"start":{"line":50,"column":22},"end":{"line":52,"column":5}},"line":50}},"f":{"0":0,"1":3,"2":3,"3":1,"4":0,"5":0,"6":1}}
,"/Users/aleksmoraless/Desktop/Fullstack/Practicum/Projects/stellar-burgers/src/services/slices/feedSlice.ts": {"path":"/Users/aleksmoraless/Desktop/Fullstack/Practicum/Projects/stellar-burgers/src/services/slices/feedSlice.ts","all":false,"statementMap":{"0":{"start":{"line":1,"column":0},"end":{"line":1,"column":62}},"1":{"start":{"line":2,"column":0},"end":{"line":2,"column":47}},"2":{"start":{"line":3,"column":0},"end":{"line":3,"column":79}},"3":{"start":{"line":4,"column":0},"end":{"line":4,"column":71}},"4":{"start":{"line":5,"column":0},"end":{"line":5,"column":64}},"5":{"start":{"line":6,"column":0},"end":{"line":6,"column":0}},"6":{"start":{"line":7,"column":0},"end":{"line":7,"column":19}},"7":{"start":{"line":8,"column":0},"end":{"line":8,"column":20}},"8":{"start":{"line":9,"column":0},"end":{"line":9,"column":23}},"9":{"start":{"line":10,"column":0},"end":{"line":10,"column":31}},"10":{"start":{"line":11,"column":0},"end":{"line":11,"column":40}},"11":{"start":{"line":12,"column":0},"end":{"line":12,"column":1}},"12":{"start":{"line":13,"column":0},"end":{"line":13,"column":0}},"13":{"start":{"line":14,"column":0},"end":{"line":14,"column":34}},"14":{"start":{"line":15,"column":0},"end":{"line":15,"column":9}},"15":{"start":{"line":16,"column":0},"end":{"line":16,"column":15}},"16":{"start":{"line":17,"column":0},"end":{"line":17,"column":14}},"17":{"start":{"line":18,"column":0},"end":{"line":18,"column":18}},"18":{"start":{"line":19,"column":0},"end":{"line":19,"column":4}},"19":{"start":{"line":20,"column":0},"end":{"line":20,"column":17}},"20":{"start":{"line":21,"column":0},"end":{"line":21,"column":36}},"21":{"start":{"line":22,"column":0},"end":{"line":22,"column":45}},"22":{"start":{"line":23,"column":0},"end":{"line":23,"column":1}},"23":{"start":{"line":24,"column":0},"end":{"line":24,"column":0}},"24":{"start":{"line":25,"column":0},"end":{"line":25,"column":38}},"25":{"start":{"line":26,"column":0},"end":{"line":26,"column":24}},"26":{"start":{"line":27,"column":0},"end":{"line":27,"column":15}},"27":{"start":{"line":28,"column":0},"end":{"line":28,"column":15}},"28":{"start":{"line":29,"column":0},"end":{"line":29,"column":14}},"29":{"start":{"line":30,"column":0},"end":{"line":30,"column":52}},"30":{"start":{"line":31,"column":0},"end":{"line":31,"column":53}},"31":{"start":{"line":32,"column":0},"end":{"line":32,"column":43}},"32":{"start":{"line":33,"column":0},"end":{"line":33,"column":58}},"33":{"start":{"line":34,"column":0},"end":{"line":34,"column":74}},"34":{"start":{"line":35,"column":0},"end":{"line":35,"column":4}},"35":{"start":{"line":36,"column":0},"end":{"line":36,"column":31}},"36":{"start":{"line":37,"column":0},"end":{"line":37,"column":11}},"37":{"start":{"line":38,"column":0},"end":{"line":38,"column":57}},"38":{"start":{"line":39,"column":0},"end":{"line":39,"column":52}},"39":{"start":{"line":40,"column":0},"end":{"line":40,"column":8}},"40":{"start":{"line":41,"column":0},"end":{"line":41,"column":58}},"41":{"start":{"line":42,"column":0},"end":{"line":42,"column":51}},"42":{"start":{"line":43,"column":0},"end":{"line":43,"column":8}},"43":{"start":{"line":44,"column":0},"end":{"line":44,"column":67}},"44":{"start":{"line":45,"column":0},"end":{"line":45,"column":52}},"45":{"start":{"line":46,"column":0},"end":{"line":46,"column":36}},"46":{"start":{"line":47,"column":0},"end":{"line":47,"column":8}},"47":{"start":{"line":48,"column":0},"end":{"line":48,"column":52}},"48":{"start":{"line":49,"column":0},"end":{"line":49,"column":61}},"49":{"start":{"line":50,"column":0},"end":{"line":50,"column":8}},"50":{"start":{"line":51,"column":0},"end":{"line":51,"column":53}},"51":{"start":{"line":52,"column":0},"end":{"line":52,"column":60}},"52":{"start":{"line":53,"column":0},"end":{"line":53,"column":8}},"53":{"start":{"line":54,"column":0},"end":{"line":54,"column":62}},"54":{"start":{"line":55,"column":0},"end":{"line":55,"column":61}},"55":{"start":{"line":56,"column":0},"end":{"line":56,"column":42}},"56":{"start":{"line":57,"column":0},"end":{"line":57,"column":8}},"57":{"start":{"line":58,"column":0},"end":{"line":58,"column":3}},"58":{"start":{"line":59,"column":0},"end":{"line":59,"column":3}},"59":{"start":{"line":60,"column":0},"end":{"line":60,"column":0}},"60":{"start":{"line":61,"column":0},"end":{"line":61,"column":49}},"61":{"start":{"line":62,"column":0},"end":{"line":62,"column":0}},"62":{"start":{"line":63,"column":0},"end":{"line":63,"column":33}}},"s":{"0":1,"1":1,"2":1,"3":1,"4":1,"5":1,"6":1,"7":1,"8":1,"9":1,"10":1,"11":1,"12":1,"13":1,"14":1,"15":1,"16":1,"17":1,"18":1,"19":1,"20":1,"21":1,"22":1,"23":1,"24":1,"25":1,"26":1,"27":1,"28":1,"29":1,"30":1,"31":1,"32":1,"33":1,"34":1,"35":1,"36":2,"37":2,"38":3,"39":2,"40":2,"41":1,"42":2,"43":2,"44":2,"45":2,"46":2,"47":2,"48":3,"49":2,"50":2,"51":1,"52":2,"53":2,"54":2,"55":2,"56":2,"57":2,"58":1,"59":1,"60":1,"61":1,"62":1},"branchMap":{"0":{"type":"branch","line":36,"loc":{"start":{"line":36,"column":17},"end":{"line":58,"column":3}},"locations":[{"start":{"line":36,"column":17},"end":{"line":58,"column":3}}]},"1":{"type":"branch","line":38,"loc":{"start":{"line":38,"column":45},"end":{"line":40,"column":7}},"locations":[{"start":{"line":38,"column":45},"end":{"line":40,"column":7}}]},"2":{"type":"branch","line":41,"loc":{"start":{"line":41,"column":46},"end":{"line":43,"column":7}},"locations":[{"start":{"line":41,"column":46},"end":{"line":43,"column":7}}]},"3":{"type":"branch","line":44,"loc":{"start":{"line":44,"column":47},"end":{"line":47,"column":7}},"locations":[{"start":{"line":44,"column":47},"end":{"line":47,"column":7}}]},"4":{"type":"branch","line":48,"loc":{"start":{"line":48,"column":40},"end":{"line":50,"column":7}},"locations":[{"start":{"line":48,"column":40},"end":{"line":50,"column":7}}]},"5":{"type":"branch","line":51,"loc":{"start":{"line":51,"column":41},"end":{"line":53,"column":7}},"locations":[{"start":{"line":51,"column":41},"end":{"line":53,"column":7}}]},"6":{"type":"branch","line":54,"loc":{"start":{"line":54,"column":42},"end":{"line":57,"column":7}},"locations":[{"start":{"line":54,"column":42},"end":{"line":57,"column":7}}]}},"b":{"0":[2],"1":[3],"2":[1],"3":[2],"4":[3],"5":[1],"6":[2]},"fnMap":{"0":{"name":"getOrdersSelector","decl":{"start":{"line":30,"column":23},"end":{"line":30,"column":39}},"loc":{"start":{"line":30,"column":23},"end":{"line":30,"column":39}},"line":30},"1":{"name":"getUserOrdersSelect","decl":{"start":{"line":31,"column":25},"end":{"line":31,"column":41}},"loc":{"start":{"line":31,"column":25},"end":{"line":31,"column":41}},"line":31},"2":{"name":"getFeedSelector","decl":{"start":{"line":32,"column":21},"end":{"line":32,"column":37}},"loc":{"start":{"line":32,"column":21},"end":{"line":32,"column":37}},"line":32},"3":{"name":"isLoadingFeedSelector","decl":{"start":{"line":33,"column":27},"end":{"line":33,"column":43}},"loc":{"start":{"line":33,"column":27},"end":{"line":33,"column":43}},"line":33},"4":{"name":"isLoadingUserOrdersSelector","decl":{"start":{"line":34,"column":33},"end":{"line":34,"column":49}},"loc":{"start":{"line":34,"column":33},"end":{"line":34,"column":49}},"line":34},"5":{"name":"extraReducers","decl":{"start":{"line":36,"column":17},"end":{"line":58,"column":3}},"loc":{"start":{"line":36,"column":17},"end":{"line":58,"column":3}},"line":36}},"f":{"0":0,"1":0,"2":0,"3":0,"4":0,"5":2}}
,"/Users/aleksmoraless/Desktop/Fullstack/Practicum/Projects/stellar-burgers/src/services/slices/ingridientsSlice.ts": {"path":"/Users/aleksmoraless/Desktop/Fullstack/Practicum/Projects/stellar-burgers/src/services/slices/ingridientsSlice.ts","all":false,"statementMap":{"0":{"start":{"line":1,"column":0},"end":{"line":1,"column":62}},"1":{"start":{"line":2,"column":0},"end":{"line":2,"column":54}},"2":{"start":{"line":3,"column":0},"end":{"line":3,"column":68}},"3":{"start":{"line":4,"column":0},"end":{"line":4,"column":58}},"4":{"start":{"line":5,"column":0},"end":{"line":5,"column":0}},"5":{"start":{"line":6,"column":0},"end":{"line":6,"column":25}},"6":{"start":{"line":7,"column":0},"end":{"line":7,"column":22}},"7":{"start":{"line":8,"column":0},"end":{"line":8,"column":31}},"8":{"start":{"line":9,"column":0},"end":{"line":9,"column":22}},"9":{"start":{"line":10,"column":0},"end":{"line":10,"column":1}},"10":{"start":{"line":11,"column":0},"end":{"line":11,"column":0}},"11":{"start":{"line":12,"column":0},"end":{"line":12,"column":40}},"12":{"start":{"line":13,"column":0},"end":{"line":13,"column":11}},"13":{"start":{"line":14,"column":0},"end":{"line":14,"column":36}},"14":{"start":{"line":15,"column":0},"end":{"line":15,"column":13}},"15":{"start":{"line":16,"column":0},"end":{"line":16,"column":1}},"16":{"start":{"line":17,"column":0},"end":{"line":17,"column":0}},"17":{"start":{"line":18,"column":0},"end":{"line":18,"column":45}},"18":{"start":{"line":19,"column":0},"end":{"line":19,"column":31}},"19":{"start":{"line":20,"column":0},"end":{"line":20,"column":15}},"20":{"start":{"line":21,"column":0},"end":{"line":21,"column":15}},"21":{"start":{"line":22,"column":0},"end":{"line":22,"column":14}},"22":{"start":{"line":23,"column":0},"end":{"line":23,"column":50}},"23":{"start":{"line":24,"column":0},"end":{"line":24,"column":54}},"24":{"start":{"line":25,"column":0},"end":{"line":25,"column":37}},"25":{"start":{"line":26,"column":0},"end":{"line":26,"column":94}},"26":{"start":{"line":27,"column":0},"end":{"line":27,"column":4}},"27":{"start":{"line":28,"column":0},"end":{"line":28,"column":31}},"28":{"start":{"line":29,"column":0},"end":{"line":29,"column":11}},"29":{"start":{"line":30,"column":0},"end":{"line":30,"column":56}},"30":{"start":{"line":31,"column":0},"end":{"line":31,"column":52}},"31":{"start":{"line":32,"column":0},"end":{"line":32,"column":27}},"32":{"start":{"line":33,"column":0},"end":{"line":33,"column":8}},"33":{"start":{"line":34,"column":0},"end":{"line":34,"column":65}},"34":{"start":{"line":35,"column":0},"end":{"line":35,"column":51}},"35":{"start":{"line":36,"column":0},"end":{"line":36,"column":47}},"36":{"start":{"line":37,"column":0},"end":{"line":37,"column":8}},"37":{"start":{"line":38,"column":0},"end":{"line":38,"column":66}},"38":{"start":{"line":39,"column":0},"end":{"line":39,"column":52}},"39":{"start":{"line":40,"column":0},"end":{"line":40,"column":36}},"40":{"start":{"line":41,"column":0},"end":{"line":41,"column":8}},"41":{"start":{"line":42,"column":0},"end":{"line":42,"column":3}},"42":{"start":{"line":43,"column":0},"end":{"line":43,"column":3}},"43":{"start":{"line":44,"column":0},"end":{"line":44,"column":0}},"44":{"start":{"line":45,"column":0},"end":{"line":45,"column":63}},"45":{"start":{"line":46,"column":0},"end":{"line":46,"column":0}},"46":{"start":{"line":47,"column":0},"end":{"line":47,"column":40}}},"s":{"0":1,"1":1,"2":1,"3":1,"4":1,"5":1,"6":1,"7":1,"8":1,"9":1,"10":1,"11":1,"12":1,"13":1,"14":1,"15":1,"16":1,"17":1,"18":1,"19":1,"20":1,"21":1,"22":1,"23":1,"24":1,"25":1,"26":1,"27":1,"28":2,"29":2,"30":3,"31":3,"32":2,"33":2,"34":1,"35":1,"36":2,"37":2,"38":2,"39":2,"40":2,"41":2,"42":1,"43":1,"44":1,"45":1,"46":1},"branchMap":{"0":{"type":"branch","line":28,"loc":{"start":{"line":28,"column":17},"end":{"line":42,"column":3}},"locations":[{"start":{"line":28,"column":17},"end":{"line":42,"column":3}}]},"1":{"type":"branch","line":30,"loc":{"start":{"line":30,"column":44},"end":{"line":33,"column":7}},"locations":[{"start":{"line":30,"column":44},"end":{"line":33,"column":7}}]},"2":{"type":"branch","line":34,"loc":{"start":{"line":34,"column":45},"end":{"line":37,"column":7}},"locations":[{"start":{"line":34,"column":45},"end":{"line":37,"column":7}}]},"3":{"type":"branch","line":38,"loc":{"start":{"line":38,"column":46},"end":{"line":41,"column":7}},"locations":[{"start":{"line":38,"column":46},"end":{"line":41,"column":7}}]}},"b":{"0":[2],"1":[3],"2":[1],"3":[2]},"fnMap":{"0":{"name":"getIngredientsSelector","decl":{"start":{"line":23,"column":28},"end":{"line":23,"column":44}},"loc":{"start":{"line":23,"column":28},"end":{"line":23,"column":44}},"line":23},"1":{"name":"isLoadingSelector","decl":{"start":{"line":24,"column":23},"end":{"line":24,"column":39}},"loc":{"start":{"line":24,"column":23},"end":{"line":24,"column":39}},"line":24},"2":{"name":"getError","decl":{"start":{"line":25,"column":14},"end":{"line":25,"column":30}},"loc":{"start":{"line":25,"column":14},"end":{"line":25,"column":30}},"line":25},"3":{"name":"getIngredientByIdSelector","decl":{"start":{"line":26,"column":31},"end":{"line":26,"column":94}},"loc":{"start":{"line":26,"column":31},"end":{"line":26,"column":94}},"line":26},"4":{"name":"extraReducers","decl":{"start":{"line":28,"column":17},"end":{"line":42,"column":3}},"loc":{"start":{"line":28,"column":17},"end":{"line":42,"column":3}},"line":28}},"f":{"0":0,"1":0,"2":0,"3":0,"4":2}}
,"/Users/aleksmoraless/Desktop/Fullstack/Practicum/Projects/stellar-burgers/src/services/slices/orderSlice.ts": {"path":"/Users/aleksmoraless/Desktop/Fullstack/Practicum/Projects/stellar-burgers/src/services/slices/orderSlice.ts","all":false,"statementMap":{"0":{"start":{"line":1,"column":0},"end":{"line":1,"column":62}},"1":{"start":{"line":2,"column":0},"end":{"line":2,"column":48}},"2":{"start":{"line":3,"column":0},"end":{"line":3,"column":53}},"3":{"start":{"line":4,"column":0},"end":{"line":4,"column":62}},"4":{"start":{"line":5,"column":0},"end":{"line":5,"column":71}},"5":{"start":{"line":6,"column":0},"end":{"line":6,"column":0}},"6":{"start":{"line":7,"column":0},"end":{"line":7,"column":20}},"7":{"start":{"line":8,"column":0},"end":{"line":8,"column":26}},"8":{"start":{"line":9,"column":0},"end":{"line":9,"column":27}},"9":{"start":{"line":10,"column":0},"end":{"line":10,"column":2}},"10":{"start":{"line":11,"column":0},"end":{"line":11,"column":30}},"11":{"start":{"line":12,"column":0},"end":{"line":12,"column":31}},"12":{"start":{"line":13,"column":0},"end":{"line":13,"column":2}},"13":{"start":{"line":14,"column":0},"end":{"line":14,"column":30}},"14":{"start":{"line":15,"column":0},"end":{"line":15,"column":1}},"15":{"start":{"line":16,"column":0},"end":{"line":16,"column":0}},"16":{"start":{"line":17,"column":0},"end":{"line":17,"column":35}},"17":{"start":{"line":18,"column":0},"end":{"line":18,"column":17}},"18":{"start":{"line":19,"column":0},"end":{"line":19,"column":25}},"19":{"start":{"line":20,"column":0},"end":{"line":20,"column":21}},"20":{"start":{"line":21,"column":0},"end":{"line":21,"column":29}},"21":{"start":{"line":22,"column":0},"end":{"line":22,"column":35}},"22":{"start":{"line":23,"column":0},"end":{"line":23,"column":1}},"23":{"start":{"line":24,"column":0},"end":{"line":24,"column":0}},"24":{"start":{"line":25,"column":0},"end":{"line":25,"column":39}},"25":{"start":{"line":26,"column":0},"end":{"line":26,"column":25}},"26":{"start":{"line":27,"column":0},"end":{"line":27,"column":15}},"27":{"start":{"line":28,"column":0},"end":{"line":28,"column":13}},"28":{"start":{"line":29,"column":0},"end":{"line":29,"column":54}},"29":{"start":{"line":30,"column":0},"end":{"line":30,"column":62}},"30":{"start":{"line":31,"column":0},"end":{"line":31,"column":4}},"31":{"start":{"line":32,"column":0},"end":{"line":32,"column":14}},"32":{"start":{"line":33,"column":0},"end":{"line":33,"column":46}},"33":{"start":{"line":34,"column":0},"end":{"line":34,"column":60}},"34":{"start":{"line":35,"column":0},"end":{"line":35,"column":54}},"35":{"start":{"line":36,"column":0},"end":{"line":36,"column":68}},"36":{"start":{"line":37,"column":0},"end":{"line":37,"column":0}},"37":{"start":{"line":38,"column":0},"end":{"line":38,"column":49}},"38":{"start":{"line":39,"column":0},"end":{"line":39,"column":4}},"39":{"start":{"line":40,"column":0},"end":{"line":40,"column":31}},"40":{"start":{"line":41,"column":0},"end":{"line":41,"column":11}},"41":{"start":{"line":42,"column":0},"end":{"line":42,"column":53}},"42":{"start":{"line":43,"column":0},"end":{"line":43,"column":52}},"43":{"start":{"line":44,"column":0},"end":{"line":44,"column":37}},"44":{"start":{"line":45,"column":0},"end":{"line":45,"column":8}},"45":{"start":{"line":46,"column":0},"end":{"line":46,"column":54}},"46":{"start":{"line":47,"column":0},"end":{"line":47,"column":51}},"47":{"start":{"line":48,"column":0},"end":{"line":48,"column":38}},"48":{"start":{"line":49,"column":0},"end":{"line":49,"column":8}},"49":{"start":{"line":50,"column":0},"end":{"line":50,"column":63}},"50":{"start":{"line":51,"column":0},"end":{"line":51,"column":52}},"51":{"start":{"line":52,"column":0},"end":{"line":52,"column":38}},"52":{"start":{"line":53,"column":0},"end":{"line":53,"column":46}},"53":{"start":{"line":54,"column":0},"end":{"line":54,"column":8}},"54":{"start":{"line":55,"column":0},"end":{"line":55,"column":0}},"55":{"start":{"line":56,"column":0},"end":{"line":56,"column":60}},"56":{"start":{"line":57,"column":0},"end":{"line":57,"column":52}},"57":{"start":{"line":58,"column":0},"end":{"line":58,"column":41}},"58":{"start":{"line":59,"column":0},"end":{"line":59,"column":8}},"59":{"start":{"line":60,"column":0},"end":{"line":60,"column":61}},"60":{"start":{"line":61,"column":0},"end":{"line":61,"column":42}},"61":{"start":{"line":62,"column":0},"end":{"line":62,"column":51}},"62":{"start":{"line":63,"column":0},"end":{"line":63,"column":8}},"63":{"start":{"line":64,"column":0},"end":{"line":64,"column":70}},"64":{"start":{"line":65,"column":0},"end":{"line":65,"column":42}},"65":{"start":{"line":66,"column":0},"end":{"line":66,"column":52}},"66":{"start":{"line":67,"column":0},"end":{"line":67,"column":47}},"67":{"start":{"line":68,"column":0},"end":{"line":68,"column":8}},"68":{"start":{"line":69,"column":0},"end":{"line":69,"column":3}},"69":{"start":{"line":70,"column":0},"end":{"line":70,"column":3}},"70":{"start":{"line":71,"column":0},"end":{"line":71,"column":0}},"71":{"start":{"line":72,"column":0},"end":{"line":72,"column":47}},"72":{"start":{"line":73,"column":0},"end":{"line":73,"column":51}},"73":{"start":{"line":74,"column":0},"end":{"line":74,"column":0}},"74":{"start":{"line":75,"column":0},"end":{"line":75,"column":34}}},"s":{"0":1,"1":1,"2":1,"3":1,"4":1,"5":1,"6":1,"7":1,"8":1,"9":1,"10":1,"11":1,"12":1,"13":1,"14":1,"15":1,"16":1,"17":1,"18":1,"19":1,"20":1,"21":1,"22":1,"23":1,"24":1,"25":1,"26":1,"27":1,"28":1,"29":1,"30":1,"31":1,"32":1,"33":1,"34":1,"35":1,"36":1,"37":1,"38":1,"39":1,"40":2,"41":2,"42":3,"43":3,"44":2,"45":2,"46":1,"47":1,"48":2,"49":2,"50":2,"51":2,"52":2,"53":2,"54":2,"55":2,"56":3,"57":3,"58":2,"59":2,"60":1,"61":1,"62":2,"63":2,"64":2,"65":2,"66":2,"67":2,"68":2,"69":1,"70":1,"71":1,"72":1,"73":1,"74":1},"branchMap":{"0":{"type":"branch","line":40,"loc":{"start":{"line":40,"column":17},"end":{"line":69,"column":3}},"locations":[{"start":{"line":40,"column":17},"end":{"line":69,"column":3}}]},"1":{"type":"branch","line":42,"loc":{"start":{"line":42,"column":41},"end":{"line":45,"column":7}},"locations":[{"start":{"line":42,"column":41},"end":{"line":45,"column":7}}]},"2":{"type":"branch","line":46,"loc":{"start":{"line":46,"column":42},"end":{"line":49,"column":7}},"locations":[{"start":{"line":46,"column":42},"end":{"line":49,"column":7}}]},"3":{"type":"branch","line":50,"loc":{"start":{"line":50,"column":43},"end":{"line":54,"column":7}},"locations":[{"start":{"line":50,"column":43},"end":{"line":54,"column":7}}]},"4":{"type":"branch","line":56,"loc":{"start":{"line":56,"column":48},"end":{"line":59,"column":7}},"locations":[{"start":{"line":56,"column":48},"end":{"line":59,"column":7}}]},"5":{"type":"branch","line":60,"loc":{"start":{"line":60,"column":49},"end":{"line":63,"column":7}},"locations":[{"start":{"line":60,"column":49},"end":{"line":63,"column":7}}]},"6":{"type":"branch","line":64,"loc":{"start":{"line":64,"column":50},"end":{"line":68,"column":7}},"locations":[{"start":{"line":64,"column":50},"end":{"line":68,"column":7}}]}},"b":{"0":[2],"1":[3],"2":[1],"3":[2],"4":[3],"5":[1],"6":[2]},"fnMap":{"0":{"name":"clearNewOrder","decl":{"start":{"line":29,"column":19},"end":{"line":29,"column":53}},"loc":{"start":{"line":29,"column":19},"end":{"line":29,"column":53}},"line":29},"1":{"name":"clearCurrentOrder","decl":{"start":{"line":30,"column":23},"end":{"line":30,"column":61}},"loc":{"start":{"line":30,"column":23},"end":{"line":30,"column":61}},"line":30},"2":{"name":"newOrderSelect","decl":{"start":{"line":33,"column":20},"end":{"line":33,"column":36}},"loc":{"start":{"line":33,"column":20},"end":{"line":33,"column":36}},"line":33},"3":{"name":"newOrderRequestSelect","decl":{"start":{"line":34,"column":27},"end":{"line":34,"column":43}},"loc":{"start":{"line":34,"column":27},"end":{"line":34,"column":43}},"line":34},"4":{"name":"currentOrderSelect","decl":{"start":{"line":35,"column":24},"end":{"line":35,"column":40}},"loc":{"start":{"line":35,"column":24},"end":{"line":35,"column":40}},"line":35},"5":{"name":"currentOrderLoadingSelect","decl":{"start":{"line":36,"column":31},"end":{"line":36,"column":47}},"loc":{"start":{"line":36,"column":31},"end":{"line":36,"column":47}},"line":36},"6":{"name":"orderIsLoading","decl":{"start":{"line":38,"column":20},"end":{"line":38,"column":34}},"loc":{"start":{"line":38,"column":20},"end":{"line":38,"column":34}},"line":38},"7":{"name":"extraReducers","decl":{"start":{"line":40,"column":17},"end":{"line":69,"column":3}},"loc":{"start":{"line":40,"column":17},"end":{"line":69,"column":3}},"line":40}},"f":{"0":0,"1":0,"2":0,"3":0,"4":0,"5":0,"6":0,"7":2}}
,"/Users/aleksmoraless/Desktop/Fullstack/Practicum/Projects/stellar-burgers/src/services/slices/sliceNames.ts": {"path":"/Users/aleksmoraless/Desktop/Fullstack/Practicum/Projects/stellar-burgers/src/services/slices/sliceNames.ts","all":false,"statementMap":{"0":{"start":{"line":1,"column":0},"end":{"line":1,"column":52}},"1":{"start":{"line":2,"column":0},"end":{"line":2,"column":57}},"2":{"start":{"line":3,"column":0},"end":{"line":3,"column":38}},"3":{"start":{"line":4,"column":0},"end":{"line":4,"column":38}},"4":{"start":{"line":5,"column":0},"end":{"line":5,"column":40}}},"s":{"0":1,"1":1,"2":1,"3":1,"4":1},"branchMap":{},"b":{},"fnMap":{},"f":{}}
,"/Users/aleksmoraless/Desktop/Fullstack/Practicum/Projects/stellar-burgers/src/services/slices/userSlice.ts": {"path":"/Users/aleksmoraless/Desktop/Fullstack/Practicum/Projects/stellar-burgers/src/services/slices/userSlice.ts","all":false,"statementMap":{"0":{"start":{"line":1,"column":0},"end":{"line":1,"column":62}},"1":{"start":{"line":2,"column":0},"end":{"line":2,"column":47}},"2":{"start":{"line":3,"column":0},"end":{"line":3,"column":26}},"3":{"start":{"line":4,"column":0},"end":{"line":4,"column":86}},"4":{"start":{"line":5,"column":0},"end":{"line":5,"column":54}},"5":{"start":{"line":6,"column":0},"end":{"line":6,"column":64}},"6":{"start":{"line":7,"column":0},"end":{"line":7,"column":61}},"7":{"start":{"line":8,"column":0},"end":{"line":8,"column":58}},"8":{"start":{"line":9,"column":0},"end":{"line":9,"column":60}},"9":{"start":{"line":10,"column":0},"end":{"line":10,"column":60}},"10":{"start":{"line":11,"column":0},"end":{"line":11,"column":0}},"11":{"start":{"line":12,"column":0},"end":{"line":12,"column":26}},"12":{"start":{"line":13,"column":0},"end":{"line":13,"column":21}},"13":{"start":{"line":14,"column":0},"end":{"line":14,"column":23}},"14":{"start":{"line":15,"column":0},"end":{"line":15,"column":31}},"15":{"start":{"line":16,"column":0},"end":{"line":16,"column":1}},"16":{"start":{"line":17,"column":0},"end":{"line":17,"column":0}},"17":{"start":{"line":18,"column":0},"end":{"line":18,"column":34}},"18":{"start":{"line":19,"column":0},"end":{"line":19,"column":13}},"19":{"start":{"line":20,"column":0},"end":{"line":20,"column":21}},"20":{"start":{"line":21,"column":0},"end":{"line":21,"column":35}},"21":{"start":{"line":22,"column":0},"end":{"line":22,"column":1}},"22":{"start":{"line":23,"column":0},"end":{"line":23,"column":0}},"23":{"start":{"line":24,"column":0},"end":{"line":24,"column":38}},"24":{"start":{"line":25,"column":0},"end":{"line":25,"column":24}},"25":{"start":{"line":26,"column":0},"end":{"line":26,"column":15}},"26":{"start":{"line":27,"column":0},"end":{"line":27,"column":13}},"27":{"start":{"line":28,"column":0},"end":{"line":28,"column":58}},"28":{"start":{"line":29,"column":0},"end":{"line":29,"column":4}},"29":{"start":{"line":30,"column":0},"end":{"line":30,"column":14}},"30":{"start":{"line":31,"column":0},"end":{"line":31,"column":38}},"31":{"start":{"line":32,"column":0},"end":{"line":32,"column":58}},"32":{"start":{"line":33,"column":0},"end":{"line":33,"column":56}},"33":{"start":{"line":34,"column":0},"end":{"line":34,"column":4}},"34":{"start":{"line":35,"column":0},"end":{"line":35,"column":31}},"35":{"start":{"line":36,"column":0},"end":{"line":36,"column":11}},"36":{"start":{"line":37,"column":0},"end":{"line":37,"column":49}},"37":{"start":{"line":38,"column":0},"end":{"line":38,"column":52}},"38":{"start":{"line":39,"column":0},"end":{"line":39,"column":8}},"39":{"start":{"line":40,"column":0},"end":{"line":40,"column":50}},"40":{"start":{"line":41,"column":0},"end":{"line":41,"column":51}},"41":{"start":{"line":42,"column":0},"end":{"line":42,"column":33}},"42":{"start":{"line":43,"column":0},"end":{"line":43,"column":8}},"43":{"start":{"line":44,"column":0},"end":{"line":44,"column":59}},"44":{"start":{"line":45,"column":0},"end":{"line":45,"column":52}},"45":{"start":{"line":46,"column":0},"end":{"line":46,"column":36}},"46":{"start":{"line":47,"column":0},"end":{"line":47,"column":33}},"47":{"start":{"line":48,"column":0},"end":{"line":48,"column":8}},"48":{"start":{"line":49,"column":0},"end":{"line":49,"column":0}},"49":{"start":{"line":50,"column":0},"end":{"line":50,"column":54}},"50":{"start":{"line":51,"column":0},"end":{"line":51,"column":52}},"51":{"start":{"line":52,"column":0},"end":{"line":52,"column":8}},"52":{"start":{"line":53,"column":0},"end":{"line":53,"column":55}},"53":{"start":{"line":54,"column":0},"end":{"line":54,"column":51}},"54":{"start":{"line":55,"column":0},"end":{"line":55,"column":8}},"55":{"start":{"line":56,"column":0},"end":{"line":56,"column":64}},"56":{"start":{"line":57,"column":0},"end":{"line":57,"column":52}},"57":{"start":{"line":58,"column":0},"end":{"line":58,"column":36}},"58":{"start":{"line":59,"column":0},"end":{"line":59,"column":8}},"59":{"start":{"line":60,"column":0},"end":{"line":60,"column":0}},"60":{"start":{"line":61,"column":0},"end":{"line":61,"column":51}},"61":{"start":{"line":62,"column":0},"end":{"line":62,"column":52}},"62":{"start":{"line":63,"column":0},"end":{"line":63,"column":8}},"63":{"start":{"line":64,"column":0},"end":{"line":64,"column":52}},"64":{"start":{"line":65,"column":0},"end":{"line":65,"column":51}},"65":{"start":{"line":66,"column":0},"end":{"line":66,"column":8}},"66":{"start":{"line":67,"column":0},"end":{"line":67,"column":61}},"67":{"start":{"line":68,"column":0},"end":{"line":68,"column":52}},"68":{"start":{"line":69,"column":0},"end":{"line":69,"column":36}},"69":{"start":{"line":70,"column":0},"end":{"line":70,"column":8}},"70":{"start":{"line":71,"column":0},"end":{"line":71,"column":0}},"71":{"start":{"line":72,"column":0},"end":{"line":72,"column":52}},"72":{"start":{"line":73,"column":0},"end":{"line":73,"column":52}},"73":{"start":{"line":74,"column":0},"end":{"line":74,"column":8}},"74":{"start":{"line":75,"column":0},"end":{"line":75,"column":53}},"75":{"start":{"line":76,"column":0},"end":{"line":76,"column":51}},"76":{"start":{"line":77,"column":0},"end":{"line":77,"column":8}},"77":{"start":{"line":78,"column":0},"end":{"line":78,"column":62}},"78":{"start":{"line":79,"column":0},"end":{"line":79,"column":52}},"79":{"start":{"line":80,"column":0},"end":{"line":80,"column":26}},"80":{"start":{"line":81,"column":0},"end":{"line":81,"column":8}},"81":{"start":{"line":82,"column":0},"end":{"line":82,"column":0}},"82":{"start":{"line":83,"column":0},"end":{"line":83,"column":52}},"83":{"start":{"line":84,"column":0},"end":{"line":84,"column":52}},"84":{"start":{"line":85,"column":0},"end":{"line":85,"column":8}},"85":{"start":{"line":86,"column":0},"end":{"line":86,"column":53}},"86":{"start":{"line":87,"column":0},"end":{"line":87,"column":51}},"87":{"start":{"line":88,"column":0},"end":{"line":88,"column":8}},"88":{"start":{"line":89,"column":0},"end":{"line":89,"column":62}},"89":{"start":{"line":90,"column":0},"end":{"line":90,"column":52}},"90":{"start":{"line":91,"column":0},"end":{"line":91,"column":36}},"91":{"start":{"line":92,"column":0},"end":{"line":92,"column":8}},"92":{"start":{"line":93,"column":0},"end":{"line":93,"column":3}},"93":{"start":{"line":94,"column":0},"end":{"line":94,"column":3}},"94":{"start":{"line":95,"column":0},"end":{"line":95,"column":0}},"95":{"start":{"line":96,"column":0},"end":{"line":96,"column":45}},"96":{"start":{"line":97,"column":0},"end":{"line":97,"column":49}},"97":{"start":{"line":98,"column":0},"end":{"line":98,"column":0}},"98":{"start":{"line":99,"column":0},"end":{"line":99,"column":33}}},"s":{"0":1,"1":1,"2":1,"3":1,"4":1,"5":1,"6":1,"7":1,"8":1,"9":1,"10":1,"11":1,"12":1,"13":1,"14":1,"15":1,"16":1,"17":1,"18":1,"19":1,"20":1,"21":1,"22":1,"23":1,"24":1,"25":1,"26":1,"27":1,"28":1,"29":1,"30":1,"31":1,"32":1,"33":1,"34":1,"35":2,"36":2,"37":3,"38":2,"39":2,"40":1,"41":1,"42":2,"43":2,"44":2,"45":2,"46":2,"47":2,"48":2,"49":2,"50":3,"51":2,"52":2,"53":1,"54":2,"55":2,"56":2,"57":2,"58":2,"59":2,"60":2,"61":3,"62":2,"63":2,"64":1,"65":2,"66":2,"67":2,"68":2,"69":2,"70":2,"71":2,"72":3,"73":2,"74":2,"75":1,"76":2,"77":2,"78":2,"79":2,"80":2,"81":2,"82":2,"83":3,"84":2,"85":2,"86":1,"87":2,"88":2,"89":2,"90":2,"91":2,"92":2,"93":1,"94":1,"95":1,"96":1,"97":1,"98":1},"branchMap":{"0":{"type":"branch","line":35,"loc":{"start":{"line":35,"column":17},"end":{"line":93,"column":3}},"locations":[{"start":{"line":35,"column":17},"end":{"line":93,"column":3}}]},"1":{"type":"branch","line":37,"loc":{"start":{"line":37,"column":37},"end":{"line":39,"column":7}},"locations":[{"start":{"line":37,"column":37},"end":{"line":39,"column":7}}]},"2":{"type":"branch","line":40,"loc":{"start":{"line":40,"column":38},"end":{"line":43,"column":7}},"locations":[{"start":{"line":40,"column":38},"end":{"line":43,"column":7}}]},"3":{"type":"branch","line":44,"loc":{"start":{"line":44,"column":39},"end":{"line":48,"column":7}},"locations":[{"start":{"line":44,"column":39},"end":{"line":48,"column":7}}]},"4":{"type":"branch","line":50,"loc":{"start":{"line":50,"column":42},"end":{"line":52,"column":7}},"locations":[{"start":{"line":50,"column":42},"end":{"line":52,"column":7}}]},"5":{"type":"branch","line":53,"loc":{"start":{"line":53,"column":43},"end":{"line":55,"column":7}},"locations":[{"start":{"line":53,"column":43},"end":{"line":55,"column":7}}]},"6":{"type":"branch","line":56,"loc":{"start":{"line":56,"column":44},"end":{"line":59,"column":7}},"locations":[{"start":{"line":56,"column":44},"end":{"line":59,"column":
[...]
8":1,"199":1,"200":0,"201":0,"202":0,"203":0,"204":0,"205":0,"206":0,"207":0,"208":0,"209":0,"210":0,"211":0,"212":1,"213":1,"214":1,"215":1,"216":1,"217":3,"218":3,"219":3,"220":3,"221":3,"222":1,"223":1,"224":1,"225":3,"226":3,"227":3,"228":3,"229":3,"230":3,"231":3,"232":3,"233":1,"234":1,"235":1,"236":3,"237":3,"238":3,"239":3,"240":3,"241":3,"242":3,"243":3,"244":3},"branchMap":{"0":{"type":"branch","line":6,"loc":{"start":{"line":6,"column":22},"end":{"line":9,"column":50}},"locations":[{"start":{"line":6,"column":22},"end":{"line":9,"column":50}}]},"1":{"type":"branch","line":9,"loc":{"start":{"line":9,"column":2},"end":{"line":9,"column":49}},"locations":[{"start":{"line":9,"column":2},"end":{"line":9,"column":49}}]},"2":{"type":"branch","line":40,"loc":{"start":{"line":40,"column":32},"end":{"line":60,"column":2}},"locations":[{"start":{"line":40,"column":32},"end":{"line":60,"column":2}}]},"3":{"type":"branch","line":43,"loc":{"start":{"line":43,"column":-1},"end":{"line":60,"column":2}},"locations":[{"start":{"line":43,"column":-1},"end":{"line":60,"column":2}}]},"4":{"type":"branch","line":46,"loc":{"start":{"line":46,"column":4},"end":{"line":46,"column":39}},"locations":[{"start":{"line":46,"column":4},"end":{"line":46,"column":39}}]},"5":{"type":"branch","line":48,"loc":{"start":{"line":48,"column":62},"end":{"line":49,"column":47}},"locations":[{"start":{"line":48,"column":62},"end":{"line":49,"column":47}}]},"6":{"type":"branch","line":55,"loc":{"start":{"line":55,"column":6},"end":{"line":55,"column":41}},"locations":[{"start":{"line":55,"column":6},"end":{"line":55,"column":41}}]},"7":{"type":"branch","line":57,"loc":{"start":{"line":57,"column":6},"end":{"line":57,"column":33}},"locations":[{"start":{"line":57,"column":6},"end":{"line":57,"column":33}}]},"8":{"type":"branch","line":76,"loc":{"start":{"line":76,"column":33},"end":{"line":83,"column":7}},"locations":[{"start":{"line":76,"column":33},"end":{"line":83,"column":7}}]},"9":{"type":"branch","line":78,"loc":{"start":{"line":78,"column":10},"end":{"line":79,"column":54}},"locations":[{"start":{"line":78,"column":10},"end":{"line":79,"column":54}}]},"10":{"type":"branch","line":80,"loc":{"start":{"line":80,"column":10},"end":{"line":83,"column":5}},"locations":[{"start":{"line":80,"column":10},"end":{"line":83,"column":5}}]},"11":{"type":"branch","line":81,"loc":{"start":{"line":81,"column":14},"end":{"line":81,"column":16}},"locations":[{"start":{"line":81,"column":14},"end":{"line":81,"column":16}}]},"12":{"type":"branch","line":82,"loc":{"start":{"line":82,"column":-1},"end":{"line":83,"column":5}},"locations":[{"start":{"line":82,"column":-1},"end":{"line":83,"column":5}}]},"13":{"type":"branch","line":85,"loc":{"start":{"line":85,"column":27},"end":{"line":91,"column":7}},"locations":[{"start":{"line":85,"column":27},"end":{"line":91,"column":7}}]},"14":{"type":"branch","line":87,"loc":{"start":{"line":87,"column":10},"end":{"line":87,"column":32}},"locations":[{"start":{"line":87,"column":10},"end":{"line":87,"column":32}}]},"15":{"type":"branch","line":88,"loc":{"start":{"line":88,"column":10},"end":{"line":91,"column":5}},"locations":[{"start":{"line":88,"column":10},"end":{"line":91,"column":5}}]},"16":{"type":"branch","line":89,"loc":{"start":{"line":89,"column":14},"end":{"line":89,"column":16}},"locations":[{"start":{"line":89,"column":14},"end":{"line":89,"column":16}}]},"17":{"type":"branch","line":90,"loc":{"start":{"line":90,"column":-1},"end":{"line":91,"column":5}},"locations":[{"start":{"line":90,"column":-1},"end":{"line":91,"column":5}}]},"18":{"type":"branch","line":93,"loc":{"start":{"line":93,"column":28},"end":{"line":103,"column":5}},"locations":[{"start":{"line":93,"column":28},"end":{"line":103,"column":5}}]},"19":{"type":"branch","line":100,"loc":{"start":{"line":100,"column":10},"end":{"line":103,"column":3}},"locations":[{"start":{"line":100,"column":10},"end":{"line":103,"column":3}}]},"20":{"type":"branch","line":101,"loc":{"start":{"line":101,"column":12},"end":{"line":101,"column":14}},"locations":[{"start":{"line":101,"column":12},"end":{"line":101,"column":14}}]},"21":{"type":"branch","line":102,"loc":{"start":{"line":102,"column":-1},"end":{"line":103,"column":3}},"locations":[{"start":{"line":102,"column":-1},"end":{"line":103,"column":3}}]},"22":{"type":"branch","line":110,"loc":{"start":{"line":110,"column":30},"end":{"line":123,"column":5}},"locations":[{"start":{"line":110,"column":30},"end":{"line":123,"column":5}}]},"23":{"type":"branch","line":120,"loc":{"start":{"line":120,"column":10},"end":{"line":123,"column":3}},"locations":[{"start":{"line":120,"column":10},"end":{"line":123,"column":3}}]},"24":{"type":"branch","line":121,"loc":{"start":{"line":121,"column":12},"end":{"line":121,"column":14}},"locations":[{"start":{"line":121,"column":12},"end":{"line":121,"column":14}}]},"25":{"type":"branch","line":122,"loc":{"start":{"line":122,"column":-1},"end":{"line":123,"column":3}},"locations":[{"start":{"line":122,"column":-1},"end":{"line":123,"column":3}}]},"26":{"type":"branch","line":129,"loc":{"start":{"line":129,"column":35},"end":{"line":135,"column":55}},"locations":[{"start":{"line":129,"column":35},"end":{"line":135,"column":55}}]},"27":{"type":"branch","line":135,"loc":{"start":{"line":135,"column":10},"end":{"line":135,"column":32}},"locations":[{"start":{"line":135,"column":10},"end":{"line":135,"column":32}}]},"28":{"type":"branch","line":150,"loc":{"start":{"line":150,"column":31},"end":{"line":162,"column":7}},"locations":[{"start":{"line":150,"column":31},"end":{"line":162,"column":7}}]},"29":{"type":"branch","line":158,"loc":{"start":{"line":158,"column":10},"end":{"line":158,"column":32}},"locations":[{"start":{"line":158,"column":10},"end":{"line":158,"column":32}}]},"30":{"type":"branch","line":159,"loc":{"start":{"line":159,"column":10},"end":{"line":162,"column":5}},"locations":[{"start":{"line":159,"column":10},"end":{"line":162,"column":5}}]},"31":{"type":"branch","line":160,"loc":{"start":{"line":160,"column":14},"end":{"line":160,"column":16}},"locations":[{"start":{"line":160,"column":14},"end":{"line":160,"column":16}}]},"32":{"type":"branch","line":161,"loc":{"start":{"line":161,"column":-1},"end":{"line":162,"column":5}},"locations":[{"start":{"line":161,"column":-1},"end":{"line":162,"column":5}}]},"33":{"type":"branch","line":170,"loc":{"start":{"line":170,"column":28},"end":{"line":182,"column":7}},"locations":[{"start":{"line":170,"column":28},"end":{"line":182,"column":7}}]},"34":{"type":"branch","line":178,"loc":{"start":{"line":178,"column":10},"end":{"line":178,"column":32}},"locations":[{"start":{"line":178,"column":10},"end":{"line":178,"column":32}}]},"35":{"type":"branch","line":179,"loc":{"start":{"line":179,"column":10},"end":{"line":182,"column":5}},"locations":[{"start":{"line":179,"column":10},"end":{"line":182,"column":5}}]},"36":{"type":"branch","line":180,"loc":{"start":{"line":180,"column":14},"end":{"line":180,"column":16}},"locations":[{"start":{"line":180,"column":14},"end":{"line":180,"column":16}}]},"37":{"type":"branch","line":181,"loc":{"start":{"line":181,"column":-1},"end":{"line":182,"column":5}},"locations":[{"start":{"line":181,"column":-1},"end":{"line":182,"column":5}}]},"38":{"type":"branch","line":217,"loc":{"start":{"line":217,"column":26},"end":{"line":222,"column":5}},"locations":[{"start":{"line":217,"column":26},"end":{"line":222,"column":5}}]},"39":{"type":"branch","line":225,"loc":{"start":{"line":225,"column":29},"end":{"line":233,"column":5}},"locations":[{"start":{"line":225,"column":29},"end":{"line":233,"column":5}}]},"40":{"type":"branch","line":236,"loc":{"start":{"line":236,"column":25},"end":{"line":245,"column":60}},"locations":[{"start":{"line":236,"column":25},"end":{"line":245,"column":60}}]},"41":{"type":"branch","line":245,"loc":{"start":{"line":245,"column":10},"end":{"line":245,"column":32}},"locations":[{"start":{"line":245,"column":10},"end":{"line":245,"column":32}}]}},"b":{"0":[20],"1":[0],"2":[12],"3":[12],"4":[8],"5":[0],"6":[0],"7":[4],"8":[3],"9":[2],"10":[2],"11":[0],"12":[0],"13":[3],"14":[2],"15":[2],"16":[0],"17":[0],"18":[3],"19":[2],"20":[0],"21":[0],"22":[3],"23":[2],"24":[0],"25":[0],"26":[3],"27":[2],"28":[3],"29":[2],"30":[2],"31":[0],"32":[0],"33":[3],"34":[2],"35":[2],"36":[0],"37":[0],"38":[3],"39":[3],"40":[3],"41":[2]},"fnMap":{"0":{"name":"checkResponse","decl":{"start":{"line":6,"column":22},"end":{"line":9,"column":50}},"loc":{"start":{"line":6,"column":22},"end":{"line":9,"column":50}},"line":6},"1":{"name":"refreshToken","decl":{"start":{"line":20,"column":28},"end":{"line":38,"column":7}},"loc":{"start":{"line":20,"column":28},"end":{"line":38,"column":7}},"line":20},"2":{"name":"fetchWithRefresh","decl":{"start":{"line":40,"column":32},"end":{"line":60,"column":2}},"loc":{"start":{"line":40,"column":32},"end":{"line":60,"column":2}},"line":40},"3":{"name":"getIngredientsApi","decl":{"start":{"line":76,"column":33},"end":{"line":83,"column":7}},"loc":{"start":{"line":76,"column":33},"end":{"line":83,"column":7}},"line":76},"4":{"name":"getFeedsApi","decl":{"start":{"line":85,"column":27},"end":{"line":91,"column":7}},"loc":{"start":{"line":85,"column":27},"end":{"line":91,"column":7}},"line":85},"5":{"name":"getOrdersApi","decl":{"start":{"line":93,"column":28},"end":{"line":103,"column":5}},"loc":{"start":{"line":93,"column":28},"end":{"line":103,"column":5}},"line":93},"6":{"name":"orderBurgerApi","decl":{"start":{"line":110,"column":30},"end":{"line":123,"column":5}},"loc":{"start":{"line":110,"column":30},"end":{"line":123,"column":5}},"line":110},"7":{"name":"getOrderByNumberApi","decl":{"start":{"line":129,"column":35},"end":{"line":135,"column":55}},"loc":{"start":{"line":129,"column":35},"end":{"line":135,"column":55}},"line":129},"8":{"name":"registerUserApi","decl":{"start":{"line":150,"column":31},"end":{"line":162,"column":7}},"loc":{"start":{"line":150,"column":31},"end":{"line":162,"column":7}},"line":150},"9":{"name":"loginUserApi","decl":{"start":{"line":170,"column":28},"end":{"line":182,"column":7}},"loc":{"start":{"line":170,"column":28},"end":{"line":182,"column":7}},"line":170},"10":{"name":"forgotPasswordApi","decl":{"start":{"line":185,"column":33},"end":{"line":197,"column":7}},"loc":{"start":{"line":185,"column":33},"end":{"line":197,"column":7}},"line":185},"11":{"name":"resetPasswordApi","decl":{"start":{"line":200,"column":32},"end":{"line":212,"column":7}},"loc":{"start":{"line":200,"column":32},"end":{"line":212,"column":7}},"line":200},"12":{"name":"getUserApi","decl":{"start":{"line":217,"column":26},"end":{"line":222,"column":5}},"loc":{"start":{"line":217,"column":26},"end":{"line":222,"column":5}},"line":217},"13":{"name":"updateUserApi","decl":{"start":{"line":225,"column":29},"end":{"line":233,"column":5}},"loc":{"start":{"line":225,"column":29},"end":{"line":233,"column":5}},"line":225},"14":{"name":"logoutApi","decl":{"start":{"line":236,"column":25},"end":{"line":245,"column":60}},"loc":{"start":{"line":236,"column":25},"end":{"line":245,"column":60}},"line":236}},"f":{"0":20,"1":0,"2":12,"3":3,"4":3,"5":3,"6":3,"7":3,"8":3,"9":3,"10":0,"11":0,"12":3,"13":3,"14":3}}
,"/Users/aleksmoraless/Desktop/Fullstack/Practicum/Projects/stellar-burgers/src/utils/cookie.ts": {"path":"/Users/aleksmoraless/Desktop/Fullstack/Practicum/Projects/stellar-burgers/src/utils/cookie.ts","all":false,"statementMap":{"0":{"start":{"line":1,"column":0},"end":{"line":1,"column":61}},"1":{"start":{"line":2,"column":0},"end":{"line":2,"column":40}},"2":{"start":{"line":3,"column":0},"end":{"line":3,"column":15}},"3":{"start":{"line":4,"column":0},"end":{"line":4,"column":18}},"4":{"start":{"line":5,"column":0},"end":{"line":5,"column":53}},"5":{"start":{"line":6,"column":0},"end":{"line":6,"column":62}},"6":{"start":{"line":7,"column":0},"end":{"line":7,"column":18}},"7":{"start":{"line":8,"column":0},"end":{"line":8,"column":5}},"8":{"start":{"line":9,"column":0},"end":{"line":9,"column":4}},"9":{"start":{"line":10,"column":0},"end":{"line":10,"column":62}},"10":{"start":{"line":11,"column":0},"end":{"line":11,"column":1}},"11":{"start":{"line":12,"column":0},"end":{"line":12,"column":0}},"12":{"start":{"line":13,"column":0},"end":{"line":13,"column":26}},"13":{"start":{"line":14,"column":0},"end":{"line":14,"column":15}},"14":{"start":{"line":15,"column":0},"end":{"line":15,"column":16}},"15":{"start":{"line":16,"column":0},"end":{"line":16,"column":65}},"16":{"start":{"line":17,"column":0},"end":{"line":17,"column":3}},"17":{"start":{"line":18,"column":0},"end":{"line":18,"column":11}},"18":{"start":{"line":19,"column":0},"end":{"line":19,"column":14}},"19":{"start":{"line":20,"column":0},"end":{"line":20,"column":12}},"20":{"start":{"line":21,"column":0},"end":{"line":21,"column":4}},"21":{"start":{"line":22,"column":0},"end":{"line":22,"column":0}},"22":{"start":{"line":23,"column":0},"end":{"line":23,"column":26}},"23":{"start":{"line":24,"column":0},"end":{"line":24,"column":39}},"24":{"start":{"line":25,"column":0},"end":{"line":25,"column":25}},"25":{"start":{"line":26,"column":0},"end":{"line":26,"column":40}},"26":{"start":{"line":27,"column":0},"end":{"line":27,"column":28}},"27":{"start":{"line":28,"column":0},"end":{"line":28,"column":3}},"28":{"start":{"line":29,"column":0},"end":{"line":29,"column":0}},"29":{"start":{"line":30,"column":0},"end":{"line":30,"column":35}},"30":{"start":{"line":31,"column":0},"end":{"line":31,"column":38}},"31":{"start":{"line":32,"column":0},"end":{"line":32,"column":3}},"32":{"start":{"line":33,"column":0},"end":{"line":33,"column":36}},"33":{"start":{"line":34,"column":0},"end":{"line":34,"column":41}},"34":{"start":{"line":35,"column":0},"end":{"line":35,"column":33}},"35":{"start":{"line":36,"column":0},"end":{"line":36,"column":37}},"36":{"start":{"line":37,"column":0},"end":{"line":37,"column":38}},"37":{"start":{"line":38,"column":0},"end":{"line":38,"column":29}},"38":{"start":{"line":39,"column":0},"end":{"line":39,"column":39}},"39":{"start":{"line":40,"column":0},"end":{"line":40,"column":5}},"40":{"start":{"line":41,"column":0},"end":{"line":41,"column":3}},"41":{"start":{"line":42,"column":0},"end":{"line":42,"column":34}},"42":{"start":{"line":43,"column":0},"end":{"line":43,"column":1}},"43":{"start":{"line":44,"column":0},"end":{"line":44,"column":0}},"44":{"start":{"line":45,"column":0},"end":{"line":45,"column":44}},"45":{"start":{"line":46,"column":0},"end":{"line":46,"column":39}},"46":{"start":{"line":47,"column":0},"end":{"line":47,"column":1}}},"s":{"0":0,"1":0,"2":0,"3":0,"4":0,"5":0,"6":0,"7":0,"8":0,"9":0,"10":0,"11":1,"12":0,"13":0,"14":0,"15":0,"16":0,"17":0,"18":0,"19":0,"20":0,"21":0,"22":0,"23":0,"24":0,"25":0,"26":0,"27":0,"28":0,"29":0,"30":0,"31":0,"32":0,"33":0,"34":0,"35":0,"36":0,"37":0,"38":0,"39":0,"40":0,"41":0,"42":0,"43":1,"44":0,"45":0,"46":0},"branchMap":{},"b":{},"fnMap":{"0":{"name":"getCookie","decl":{"start":{"line":1,"column":0},"end":{"line":11,"column":1}},"loc":{"start":{"line":1,"column":0},"end":{"line":11,"column":1}},"line":1},"1":{"name":"setCookie","decl":{"start":{"line":13,"column":0},"end":{"line":43,"column":1}},"loc":{"start":{"line":13,"column":0},"end":{"line":43,"column":1}},"line":13},"2":{"name":"deleteCookie","decl":{"start":{"line":45,"column":0},"end":{"line":47,"column":1}},"loc":{"start":{"line":45,"column":0},"end":{"line":47,"column":1}},"line":45}},"f":{"0":0,"1":0,"2":0}}
,"/Users/aleksmoraless/Desktop/Fullstack/Practicum/Projects/stellar-burgers/src/utils/types.ts": {"path":"/Users/aleksmoraless/Desktop/Fullstack/Practicum/Projects/stellar-burgers/src/utils/types.ts","all":false,"statementMap":{"0":{"start":{"line":1,"column":0},"end":{"line":1,"column":27}},"1":{"start":{"line":2,"column":0},"end":{"line":2,"column":14}},"2":{"start":{"line":3,"column":0},"end":{"line":3,"column":15}},"3":{"start":{"line":4,"column":0},"end":{"line":4,"column":15}},"4":{"start":{"line":5,"column":0},"end":{"line":5,"column":19}},"5":{"start":{"line":6,"column":0},"end":{"line":6,"column":14}},"6":{"start":{"line":7,"column":0},"end":{"line":7,"column":24}},"7":{"start":{"line":8,"column":0},"end":{"line":8,"column":19}},"8":{"start":{"line":9,"column":0},"end":{"line":9,"column":16}},"9":{"start":{"line":10,"column":0},"end":{"line":10,"column":16}},"10":{"start":{"line":11,"column":0},"end":{"line":11,"column":22}},"11":{"start":{"line":12,"column":0},"end":{"line":12,"column":23}},"12":{"start":{"line":13,"column":0},"end":{"line":13,"column":2}},"13":{"start":{"line":14,"column":0},"end":{"line":14,"column":0}},"14":{"start":{"line":15,"column":0},"end":{"line":15,"column":30}},"15":{"start":{"line":16,"column":0},"end":{"line":16,"column":26}},"16":{"start":{"line":17,"column":0},"end":{"line":17,"column":40}},"17":{"start":{"line":18,"column":0},"end":{"line":18,"column":2}},"18":{"start":{"line":19,"column":0},"end":{"line":19,"column":0}},"19":{"start":{"line":20,"column":0},"end":{"line":20,"column":52}},"20":{"start":{"line":21,"column":0},"end":{"line":21,"column":13}},"21":{"start":{"line":22,"column":0},"end":{"line":22,"column":2}},"22":{"start":{"line":23,"column":0},"end":{"line":23,"column":0}},"23":{"start":{"line":24,"column":0},"end":{"line":24,"column":22}},"24":{"start":{"line":25,"column":0},"end":{"line":25,"column":14}},"25":{"start":{"line":26,"column":0},"end":{"line":26,"column":17}},"26":{"start":{"line":27,"column":0},"end":{"line":27,"column":15}},"27":{"start":{"line":28,"column":0},"end":{"line":28,"column":20}},"28":{"start":{"line":29,"column":0},"end":{"line":29,"column":20}},"29":{"start":{"line":30,"column":0},"end":{"line":30,"column":17}},"30":{"start":{"line":31,"column":0},"end":{"line":31,"column":24}},"31":{"start":{"line":32,"column":0},"end":{"line":32,"column":2}},"32":{"start":{"line":33,"column":0},"end":{"line":33,"column":0}},"33":{"start":{"line":34,"column":0},"end":{"line":34,"column":27}},"34":{"start":{"line":35,"column":0},"end":{"line":35,"column":19}},"35":{"start":{"line":36,"column":0},"end":{"line":36,"column":16}},"36":{"start":{"line":37,"column":0},"end":{"line":37,"column":21}},"37":{"start":{"line":38,"column":0},"end":{"line":38,"column":22}},"38":{"start":{"line":39,"column":0},"end":{"line":39,"column":24}},"39":{"start":{"line":40,"column":0},"end":{"line":40,"column":2}},"40":{"start":{"line":41,"column":0},"end":{"line":41,"column":0}},"41":{"start":{"line":42,"column":0},"end":{"line":42,"column":21}},"42":{"start":{"line":43,"column":0},"end":{"line":43,"column":16}},"43":{"start":{"line":44,"column":0},"end":{"line":44,"column":15}},"44":{"start":{"line":45,"column":0},"end":{"line":45,"column":2}},"45":{"start":{"line":46,"column":0},"end":{"line":46,"column":0}},"46":{"start":{"line":47,"column":0},"end":{"line":47,"column":48}},"47":{"start":{"line":48,"column":0},"end":{"line":48,"column":0}},"48":{"start":{"line":49,"column":0},"end":{"line":49,"column":27}},"49":{"start":{"line":50,"column":0},"end":{"line":50,"column":15}},"50":{"start":{"line":51,"column":0},"end":{"line":51,"column":22}},"51":{"start":{"line":52,"column":0},"end":{"line":52,"column":23}},"52":{"start":{"line":53,"column":0},"end":{"line":53,"column":19}},"53":{"start":{"line":54,"column":0},"end":{"line":54,"column":1}}},"s":{"0":1,"1":1,"2":1,"3":1,"4":1,"5":1,"6":1,"7":1,"8":1,"9":1,"10":1,"11":1,"12":1,"13":1,"14":1,"15":1,"16":1,"17":1,"18":1,"19":1,"20":1,"21":1,"22":1,"23":1,"24":1,"25":1,"26":1,"27":1,"28":1,"29":1,"30":1,"31":1,"32":1,"33":1,"34":1,"35":1,"36":1,"37":1,"38":1,"39":1,"40":1,"41":1,"42":1,"43":1,"44":1,"45":1,"46":1,"47":1,"48":5,"49":5,"50":5,"51":5,"52":5,"53":5},"branchMap":{"0":{"type":"branch","line":49,"loc":{"start":{"line":49,"column":0},"end":{"line":54,"column":1}},"locations":[{"start":{"line":49,"column":0},"end":{"line":54,"column":1}}]}},"b":{"0":[5]},"fnMap":{},"f":{}}
}
