TN:
SF:src/services/store.ts
FN:32,useDispatch
FNF:1
FNH:0
FNDA:0,useDispatch
DA:1,1
DA:2,1
DA:3,1
DA:4,1
DA:5,1
DA:6,1
DA:7,1
DA:8,1
DA:9,1
DA:10,1
DA:11,1
DA:12,1
DA:13,1
DA:14,1
DA:15,1
DA:16,1
DA:17,1
DA:18,1
DA:19,1
DA:20,1
DA:21,1
DA:22,1
DA:23,1
DA:24,1
DA:25,1
DA:26,1
DA:27,1
DA:28,1
DA:29,1
DA:30,1
DA:31,1
DA:32,1
DA:33,1
DA:34,1
DA:35,1
LF:35
LH:35
BRF:0
BRH:0
end_of_record
TN:
SF:src/services/slices/burgerBuilderSlice.ts
FN:24,getBurger
FN:28,reducer
FN:35,prepare
FN:40,deleteIngredient
FN:43,clearIngredients
FN:47,moveDownIngredient
FN:50,moveUpIngredient
FNF:7
FNH:4
FNDA:0,getBurger
FNDA:1,reducer
FNDA:1,prepare
FNDA:1,deleteIngredient
FNDA:0,clearIngredients
FNDA:0,moveDownIngredient
FNDA:1,moveUpIngredient
DA:1,1
DA:2,1
DA:3,1
DA:4,1
DA:5,1
DA:6,1
DA:7,1
DA:8,1
DA:9,1
DA:10,1
DA:11,1
DA:12,1
DA:13,1
DA:14,1
DA:15,1
DA:16,1
DA:17,1
DA:18,1
DA:19,1
DA:20,1
DA:21,1
DA:22,1
DA:23,1
DA:24,1
DA:25,1
DA:26,1
DA:27,1
DA:28,1
DA:29,1
DA:30,0
DA:31,1
DA:32,1
DA:33,1
DA:34,1
DA:35,1
DA:36,1
DA:37,1
DA:38,1
DA:39,1
DA:40,1
DA:41,1
DA:42,1
DA:43,1
DA:44,0
DA:45,0
DA:46,1
DA:47,1
DA:48,0
DA:49,1
DA:50,1
DA:51,1
DA:52,1
DA:53,1
DA:54,1
DA:55,1
DA:56,1
DA:57,1
DA:58,1
DA:59,1
LF:59
LH:55
BRDA:28,0,0,1
BRDA:29,1,0,0
BRDA:35,2,0,1
BRDA:40,3,0,1
BRDA:41,4,0,2
BRDA:50,5,0,1
BRF:6
BRH:5
end_of_record
TN:
SF:src/services/slices/feedSlice.ts
FN:30,getOrdersSelector
FN:31,getUserOrdersSelect
FN:32,getFeedSelector
FN:33,isLoadingFeedSelector
FN:34,isLoadingUserOrdersSelector
FN:36,extraReducers
FNF:6
FNH:1
FNDA:0,getOrdersSelector
FNDA:0,getUserOrdersSelect
FNDA:0,getFeedSelector
FNDA:0,isLoadingFeedSelector
FNDA:0,isLoadingUserOrdersSelector
FNDA:2,extraReducers
DA:1,1
DA:2,1
DA:3,1
DA:4,1
DA:5,1
DA:6,1
DA:7,1
DA:8,1
DA:9,1
DA:10,1
DA:11,1
DA:12,1
DA:13,1
DA:14,1
DA:15,1
DA:16,1
DA:17,1
DA:18,1
DA:19,1
DA:20,1
DA:21,1
DA:22,1
DA:23,1
DA:24,1
DA:25,1
DA:26,1
DA:27,1
DA:28,1
DA:29,1
DA:30,1
DA:31,1
DA:32,1
DA:33,1
DA:34,1
DA:35,1
DA:36,1
DA:37,2
DA:38,2
DA:39,3
DA:40,2
DA:41,2
DA:42,1
DA:43,2
DA:44,2
DA:45,2
DA:46,2
DA:47,2
DA:48,2
DA:49,3
DA:50,2
DA:51,2
DA:52,1
DA:53,2
DA:54,2
DA:55,2
DA:56,2
DA:57,2
DA:58,2
DA:59,1
DA:60,1
DA:61,1
DA:62,1
DA:63,1
LF:63
LH:63
BRDA:36,0,0,2
BRDA:38,1,0,3
BRDA:41,2,0,1
BRDA:44,3,0,2
BRDA:48,4,0,3
BRDA:51,5,0,1
BRDA:54,6,0,2
BRF:7
BRH:7
end_of_record
TN:
SF:src/services/slices/ingridientsSlice.ts
FN:23,getIngredientsSelector
FN:24,isLoadingSelector
FN:25,getError
FN:26,getIngredientByIdSelector
FN:28,extraReducers
FNF:5
FNH:1
FNDA:0,getIngredientsSelector
FNDA:0,isLoadingSelector
FNDA:0,getError
FNDA:0,getIngredientByIdSelector
FNDA:2,extraReducers
DA:1,1
DA:2,1
DA:3,1
DA:4,1
DA:5,1
DA:6,1
DA:7,1
DA:8,1
DA:9,1
DA:10,1
DA:11,1
DA:12,1
DA:13,1
DA:14,1
DA:15,1
DA:16,1
DA:17,1
DA:18,1
DA:19,1
DA:20,1
DA:21,1
DA:22,1
DA:23,1
DA:24,1
DA:25,1
DA:26,1
DA:27,1
DA:28,1
DA:29,2
DA:30,2
DA:31,3
DA:32,3
DA:33,2
DA:34,2
DA:35,1
DA:36,1
DA:37,2
DA:38,2
DA:39,2
DA:40,2
DA:41,2
DA:42,2
DA:43,1
DA:44,1
DA:45,1
DA:46,1
DA:47,1
LF:47
LH:47
BRDA:28,0,0,2
BRDA:30,1,0,3
BRDA:34,2,0,1
BRDA:38,3,0,2
BRF:4
BRH:4
end_of_record
TN:
SF:src/services/slices/orderSlice.ts
FN:29,clearNewOrder
FN:30,clearCurrentOrder
FN:33,newOrderSelect
FN:34,newOrderRequestSelect
FN:35,currentOrderSelect
FN:36,currentOrderLoadingSelect
FN:38,orderIsLoading
FN:40,extraReducers
FNF:8
FNH:1
FNDA:0,clearNewOrder
FNDA:0,clearCurrentOrder
FNDA:0,newOrderSelect
FNDA:0,newOrderRequestSelect
FNDA:0,currentOrderSelect
FNDA:0,currentOrderLoadingSelect
FNDA:0,orderIsLoading
FNDA:2,extraReducers
DA:1,1
DA:2,1
DA:3,1
DA:4,1
DA:5,1
DA:6,1
DA:7,1
DA:8,1
DA:9,1
DA:10,1
DA:11,1
DA:12,1
DA:13,1
DA:14,1
DA:15,1
DA:16,1
DA:17,1
DA:18,1
DA:19,1
DA:20,1
DA:21,1
DA:22,1
DA:23,1
DA:24,1
DA:25,1
DA:26,1
DA:27,1
DA:28,1
DA:29,1
DA:30,1
DA:31,1
DA:32,1
DA:33,1
DA:34,1
DA:35,1
DA:36,1
DA:37,1
DA:38,1
DA:39,1
DA:40,1
DA:41,2
DA:42,2
DA:43,3
DA:44,3
DA:45,2
DA:46,2
DA:47,1
DA:48,1
DA:49,2
DA:50,2
DA:51,2
DA:52,2
DA:53,2
DA:54,2
DA:55,2
DA:56,2
DA:57,3
DA:58,3
DA:59,2
DA:60,2
DA:61,1
DA:62,1
DA:63,2
DA:64,2
DA:65,2
DA:66,2
DA:67,2
DA:68,2
DA:69,2
DA:70,1
DA:71,1
DA:72,1
DA:73,1
DA:74,1
DA:75,1
LF:75
LH:75
BRDA:40,0,0,2
BRDA:42,1,0,3
BRDA:46,2,0,1
BRDA:50,3,0,2
BRDA:56,4,0,3
BRDA:60,5,0,1
BRDA:64,6,0,2
BRF:7
BRH:7
end_of_record
TN:
SF:src/services/slices/sliceNames.ts
FNF:0
FNH:0
DA:1,1
DA:2,1
DA:3,1
DA:4,1
DA:5,1
LF:5
LH:5
BRF:0
BRH:0
end_of_record
TN:
SF:src/services/slices/userSlice.ts
FN:28,setUserCheck
FN:31,userSelect
FN:32,isAuthCheckedUserSelect
FN:33,userIsLoadingSelect
FN:35,extraReducers
FNF:5
FNH:1
FNDA:0,setUserCheck
FNDA:0,userSelect
FNDA:0,isAuthCheckedUserSelect
FNDA:0,userIsLoadingSelect
FNDA:2,extraReducers
DA:1,1
DA:2,1
DA:3,1
DA:4,1
DA:5,1
DA:6,1
DA:7,1
DA:8,1
DA:9,1
DA:10,1
DA:11,1
DA:12,1
DA:13,1
DA:14,1
DA:15,1
DA:16,1
DA:17,1
DA:18,1
DA:19,1
DA:20,1
DA:21,1
DA:22,1
DA:23,1
DA:24,1
DA:25,1
DA:26,1
DA:27,1
DA:28,1
DA:29,1
DA:30,1
DA:31,1
DA:32,1
DA:33,1
DA:34,1
DA:35,1
DA:36,2
DA:37,2
DA:38,3
DA:39,2
DA:40,2
DA:41,1
DA:42,1
DA:43,2
DA:44,2
DA:45,2
DA:46,2
DA:47,2
DA:48,2
DA:49,2
DA:50,2
DA:51,3
DA:52,2
DA:53,2
DA:54,1
DA:55,2
DA:56,2
DA:57,2
DA:58,2
DA:59,2
DA:60,2
DA:61,2
DA:62,3
DA:63,2
DA:64,2
DA:65,1
DA:66,2
DA:67,2
DA:68,2
DA:69,2
DA:70,2
DA:71,2
DA:72,2
DA:73,3
DA:74,2
DA:75,2
DA:76,1
DA:77,2
DA:78,2
DA:79,2
DA:80,2
DA:81,2
DA:82,2
DA:83,2
DA:84,3
DA:85,2
DA:86,2
DA:87,1
DA:88,2
DA:89,2
DA:90,2
DA:91,2
DA:92,2
DA:93,2
DA:94,1
DA:95,1
DA:96,1
DA:97,1
DA:98,1
DA:99,1
LF:99
LH:99
BRDA:35,0,0,2
BRDA:37,1,0,3
BRDA:40,2,0,1
BRDA:44,3,0,2
BRDA:50,4,0,3
BRDA:53,5,0,1
BRDA:56,6,0,2
BRDA:61,7,0,3
BRDA:64,8,0,1
BRDA:67,9,0,2
BRDA:72,10,0,3
BRDA:75,11,0,1
BRDA:78,12,0,2
BRDA:83,13,0,3
BRDA:86,14,0,1
BRDA:89,15,0,2
BRF:16
BRH:16
end_of_record
TN:
SF:src/services/thunks/createOrderThunk.ts
FNF:0
FNH:0
DA:1,1
DA:2,1
DA:3,1
DA:4,1
DA:5,1
DA:6,1
DA:7,1
DA:8,1
DA:9,3
DA:10,3
DA:11,3
DA:12,0
DA:13,0
DA:14,2
DA:15,2
DA:16,3
DA:17,3
DA:18,3
DA:19,3
DA:20,3
DA:21,3
DA:22,1
LF:22
LH:20
BRDA:8,0,0,3
BRDA:11,1,0,0
BRDA:14,2,0,2
BRF:3
BRH:2
end_of_record
TN:
SF:src/services/thunks/feedPublicOrdersThunk.ts
FNF:0
FNH:0
DA:1,1
DA:2,1
DA:3,1
DA:4,1
DA:5,1
DA:6,1
DA:7,1
DA:8,3
DA:9,3
DA:10,3
DA:11,0
DA:12,0
DA:13,2
DA:14,3
DA:15,3
DA:16,3
DA:17,3
DA:18,3
DA:19,3
DA:20,1
LF:20
LH:18
BRDA:7,0,0,3
BRDA:10,1,0,0
BRDA:13,2,0,2
BRF:3
BRH:2
end_of_record
TN:
SF:src/services/thunks/feedUserOrdersThunk.ts
FNF:0
FNH:0
DA:1,1
DA:2,1
DA:3,1
DA:4,1
DA:5,1
DA:6,1
DA:7,1
DA:8,3
DA:9,3
DA:10,3
DA:11,3
DA:12,3
DA:13,3
DA:14,3
DA:15,3
DA:16,1
LF:16
LH:16
BRDA:7,0,0,3
BRDA:9,1,0,3
BRF:2
BRH:2
end_of_record
TN:
SF:src/services/thunks/fetchOrderByNumber.ts
FNF:0
FNH:0
DA:1,1
DA:2,1
DA:3,1
DA:4,1
DA:5,1
DA:6,1
DA:7,1
DA:8,3
DA:9,3
DA:10,3
DA:11,0
DA:12,3
DA:13,2
DA:14,3
DA:15,3
DA:16,3
DA:17,3
DA:18,3
DA:19,3
DA:20,1
LF:20
LH:19
BRDA:7,0,0,3
BRDA:10,1,0,0
BRDA:12,2,0,2
BRF:3
BRH:2
end_of_record
TN:
SF:src/services/thunks/getIngredientsThunk.ts
FNF:0
FNH:0
DA:1,1
DA:2,1
DA:3,1
DA:4,1
DA:5,1
DA:6,1
DA:7,1
DA:8,3
DA:9,3
DA:10,3
DA:11,3
DA:12,3
DA:13,3
DA:14,3
DA:15,3
DA:16,1
LF:16
LH:16
BRDA:7,0,0,3
BRDA:9,1,0,3
BRF:2
BRH:2
end_of_record
TN:
SF:src/services/thunks/getUserThunk.ts
FNF:0
FNH:0
DA:1,1
DA:2,1
DA:3,1
DA:4,1
DA:5,1
DA:6,1
DA:7,1
DA:8,3
DA:9,3
DA:10,3
DA:11,3
DA:12,0
DA:13,0
DA:14,2
DA:15,3
DA:16,3
DA:17,3
DA:18,3
DA:19,3
DA:20,3
DA:21,1
LF:21
LH:19
BRDA:7,0,0,3
BRDA:11,1,0,0
BRDA:14,2,0,2
BRF:3
BRH:2
end_of_record
TN:
SF:src/services/thunks/userLoginThunk.ts
FNF:0
FNH:0
DA:1,1
DA:2,1
DA:3,1
DA:4,1
DA:5,1
DA:6,1
DA:7,1
DA:8,1
DA:9,3
DA:10,3
DA:11,3
DA:12,0
DA:13,0
DA:14,2
DA:15,2
DA:16,2
DA:17,3
DA:18,3
DA:19,3
DA:20,3
DA:21,3
DA:22,3
DA:23,1
LF:23
LH:21
BRDA:8,0,0,3
BRDA:11,1,0,0
BRDA:14,2,0,2
BRF:3
BRH:2
end_of_record
TN:
SF:src/services/thunks/userLogoutThunk.ts
FNF:0
FNH:0
DA:1,1
DA:2,1
DA:3,1
DA:4,1
DA:5,1
DA:6,1
DA:7,1
DA:8,1
DA:9,3
DA:10,3
DA:11,3
DA:12,0
DA:13,0
DA:14,3
DA:15,3
DA:16,3
DA:17,3
DA:18,3
DA:19,3
DA:20,3
DA:21,3
DA:22,1
LF:22
LH:20
BRDA:8,0,0,3
BRDA:11,1,0,0
BRF:2
BRH:1
end_of_record
TN:
SF:src/services/thunks/userRegisterThunk.ts
FNF:0
FNH:0
DA:1,1
DA:2,1
DA:3,1
DA:4,1
DA:5,1
DA:6,1
DA:7,1
DA:8,1
DA:9,3
DA:10,3
DA:11,3
DA:12,0
DA:13,0
DA:14,2
DA:15,2
DA:16,2
DA:17,3
DA:18,3
DA:19,3
DA:20,3
DA:21,3
DA:22,3
DA:23,1
LF:23
LH:21
BRDA:8,0,0,3
BRDA:11,1,0,0
BRDA:14,2,0,2
BRF:3
BRH:2
end_of_record
TN:
SF:src/services/thunks/userUpdateThunk.ts
FNF:0
FNH:0
DA:1,1
DA:2,1
DA:3,1
DA:4,1
DA:5,1
DA:6,1
DA:7,1
DA:8,3
DA:9,3
DA:10,3
DA:11,0
DA:12,0
DA:13,2
DA:14,3
DA:15,3
DA:16,3
DA:17,3
DA:18,3
DA:19,3
DA:20,1
LF:20
LH:18
BRDA:7,0,0,3
BRDA:10,1,0,0
BRDA:13,2,0,2
BRF:3
BRH:2
end_of_record
TN:
SF:src/utils/burger-api.ts
FN:6,checkResponse
FN:20,refreshToken
FN:40,fetchWithRefresh
FN:76,getIngredientsApi
FN:85,getFeedsApi
FN:93,getOrdersApi
FN:110,orderBurgerApi
FN:129,getOrderByNumberApi
FN:150,registerUserApi
FN:170,loginUserApi
FN:185,forgotPasswordApi
FN:200,resetPasswordApi
FN:217,getUserApi
FN:225,updateUserApi
FN:236,logoutApi
FNF:15
FNH:12
FNDA:20,checkResponse
FNDA:0,refreshToken
FNDA:12,fetchWithRefresh
FNDA:3,getIngredientsApi
FNDA:3,getFeedsApi
FNDA:3,getOrdersApi
FNDA:3,orderBurgerApi
FNDA:3,getOrderByNumberApi
FNDA:3,registerUserApi
FNDA:3,loginUserApi
FNDA:0,forgotPasswordApi
FNDA:0,resetPasswordApi
FNDA:3,getUserApi
FNDA:3,updateUserApi
FNDA:3,logoutApi
DA:1,1
DA:2,1
DA:3,1
DA:4,1
DA:5,1
DA:6,1
DA:7,20
DA:8,20
DA:9,20
DA:10,1
DA:11,1
DA:12,1
DA:13,1
DA:14,1
DA:15,1
DA:16,1
DA:17,1
DA:18,1
DA:19,1
DA:20,1
DA:21,0
DA:22,0
DA:23,0
DA:24,0
DA:25,0
DA:26,0
DA:27,0
DA:28,0
DA:29,0
DA:30,0
DA:31,0
DA:32,0
DA:33,0
DA:34,0
DA:35,0
DA:36,0
DA:37,0
DA:38,0
DA:39,1
DA:40,1
DA:41,12
DA:42,12
DA:43,12
DA:44,12
DA:45,12
DA:46,12
DA:47,12
DA:48,12
DA:49,0
DA:50,12
DA:51,12
DA:52,12
DA:53,12
DA:54,12
DA:55,12
DA:56,12
DA:57,12
DA:58,12
DA:59,12
DA:60,12
DA:61,1
DA:62,1
DA:63,1
DA:64,1
DA:65,1
DA:66,1
DA:67,1
DA:68,1
DA:69,1
DA:70,1
DA:71,1
DA:72,1
DA:73,1
DA:74,1
DA:75,1
DA:76,1
DA:77,3
DA:78,3
DA:79,3
DA:80,3
DA:81,2
DA:82,0
DA:83,3
DA:84,1
DA:85,1
DA:86,3
DA:87,3
DA:88,3
DA:89,2
DA:90,0
DA:91,3
DA:92,1
DA:93,1
DA:94,3
DA:95,3
DA:96,3
DA:97,3
DA:98,3
DA:99,3
DA:100,3
DA:101,2
DA:102,0
DA:103,3
DA:104,1
DA:105,1
DA:106,1
DA:107,1
DA:108,1
DA:109,1
DA:110,1
DA:111,3
DA:112,3
DA:113,3
DA:114,3
DA:115,3
DA:116,3
DA:117,3
DA:118,3
DA:119,3
DA:120,3
DA:121,2
DA:122,0
DA:123,3
DA:124,1
DA:125,1
DA:126,1
DA:127,1
DA:128,1
DA:129,1
DA:130,3
DA:131,3
DA:132,3
DA:133,3
DA:134,3
DA:135,3
DA:136,1
DA:137,1
DA:138,1
DA:139,1
DA:140,1
DA:141,1
DA:142,1
DA:143,1
DA:144,1
DA:145,1
DA:146,1
DA:147,1
DA:148,1
DA:149,1
DA:150,1
DA:151,3
DA:152,3
DA:153,3
DA:154,3
DA:155,3
DA:156,3
DA:157,3
DA:158,3
DA:159,3
DA:160,2
DA:161,0
DA:162,3
DA:163,1
DA:164,1
DA:165,1
DA:166,1
DA:167,1
DA:168,1
DA:169,1
DA:170,1
DA:171,3
DA:172,3
DA:173,3
DA:174,3
DA:175,3
DA:176,3
DA:177,3
DA:178,3
DA:179,3
DA:180,2
DA:181,0
DA:182,3
DA:183,1
DA:184,1
DA:185,1
DA:186,0
DA:187,0
DA:188,0
DA:189,0
DA:190,0
DA:191,0
DA:192,0
DA:193,0
DA:194,0
DA:195,0
DA:196,0
DA:197,0
DA:198,1
DA:199,1
DA:200,1
DA:201,0
DA:202,0
DA:203,0
DA:204,0
DA:205,0
DA:206,0
DA:207,0
DA:208,0
DA:209,0
DA:210,0
DA:211,0
DA:212,0
DA:213,1
DA:214,1
DA:215,1
DA:216,1
DA:217,1
DA:218,3
DA:219,3
DA:220,3
DA:221,3
DA:222,3
DA:223,1
DA:224,1
DA:225,1
DA:226,3
DA:227,3
DA:228,3
DA:229,3
DA:230,3
DA:231,3
DA:232,3
DA:233,3
DA:234,1
DA:235,1
DA:236,1
DA:237,3
DA:238,3
DA:239,3
DA:240,3
DA:241,3
DA:242,3
DA:243,3
DA:244,3
DA:245,3
LF:245
LH:196
BRDA:6,0,0,20
BRDA:9,1,0,0
BRDA:40,2,0,12
BRDA:43,3,0,12
BRDA:46,4,0,8
BRDA:48,5,0,0
BRDA:55,6,0,0
BRDA:57,7,0,4
BRDA:76,8,0,3
BRDA:78,9,0,2
BRDA:80,10,0,2
BRDA:81,11,0,0
BRDA:82,12,0,0
BRDA:85,13,0,3
BRDA:87,14,0,2
BRDA:88,15,0,2
BRDA:89,16,0,0
BRDA:90,17,0,0
BRDA:93,18,0,3
BRDA:100,19,0,2
BRDA:101,20,0,0
BRDA:102,21,0,0
BRDA:110,22,0,3
BRDA:120,23,0,2
BRDA:121,24,0,0
BRDA:122,25,0,0
BRDA:129,26,0,3
BRDA:135,27,0,2
BRDA:150,28,0,3
BRDA:158,29,0,2
BRDA:159,30,0,2
BRDA:160,31,0,0
BRDA:161,32,0,0
BRDA:170,33,0,3
BRDA:178,34,0,2
BRDA:179,35,0,2
BRDA:180,36,0,0
BRDA:181,37,0,0
BRDA:217,38,0,3
BRDA:225,39,0,3
BRDA:236,40,0,3
BRDA:245,41,0,2
BRF:42
BRH:27
end_of_record
TN:
SF:src/utils/cookie.ts
FN:1,getCookie
FN:13,setCookie
FN:45,deleteCookie
FNF:3
FNH:0
FNDA:0,getCookie
FNDA:0,setCookie
FNDA:0,deleteCookie
DA:1,0
DA:2,0
DA:3,0
DA:4,0
DA:5,0
DA:6,0
DA:7,0
DA:8,0
DA:9,0
DA:10,0
DA:11,0
DA:12,1
DA:13,0
DA:14,0
DA:15,0
DA:16,0
DA:17,0
DA:18,0
DA:19,0
DA:20,0
DA:21,0
DA:22,0
DA:23,0
DA:24,0
DA:25,0
DA:26,0
DA:27,0
DA:28,0
DA:29,0
DA:30,0
DA:31,0
DA:32,0
DA:33,0
DA:34,0
DA:35,0
DA:36,0
DA:37,0
DA:38,0
DA:39,0
DA:40,0
DA:41,0
DA:42,0
DA:43,0
DA:44,1
DA:45,0
DA:46,0
DA:47,0
LF:47
LH:2
BRF:0
BRH:0
end_of_record
TN:
SF:src/utils/types.ts
FNF:0
FNH:0
DA:1,1
DA:2,1
DA:3,1
DA:4,1
DA:5,1
DA:6,1
DA:7,1
DA:8,1
DA:9,1
DA:10,1
DA:11,1
DA:12,1
DA:13,1
DA:14,1
DA:15,1
DA:16,1
DA:17,1
DA:18,1
DA:19,1
DA:20,1
DA:21,1
DA:22,1
DA:23,1
DA:24,1
DA:25,1
DA:26,1
DA:27,1
DA:28,1
DA:29,1
DA:30,1
DA:31,1
DA:32,1
DA:33,1
DA:34,1
DA:35,1
DA:36,1
DA:37,1
DA:38,1
DA:39,1
DA:40,1
DA:41,1
DA:42,1
DA:43,1
DA:44,1
DA:45,1
DA:46,1
DA:47,1
DA:48,1
DA:49,5
DA:50,5
DA:51,5
DA:52,5
DA:53,5
DA:54,5
LF:54
LH:54
BRDA:49,0,0,5
BRF:1
BRH:1
end_of_record
